Document: ID=BLN_EM_20190111221629300.txt (15 sentences, 576 tokens)

Sentence #1 (53 tokens):
Radio  Uganda's  "Newshour"  programme  on  the  evening  of  1  January  broadcast  a  recording  of  the  appearance  by  Joseph  Kony ,  leader  of  the  Lord's  Resistance  Army  (LRA) ,  on  a  talk-show  originally  broadcast  on  Mega  FM  radio  in  Gulu  (northern  Uganda)  on  28  December.

Tokens:
[Text=Radio CharacterOffsetBegin=0 CharacterOffsetEnd=5 PartOfSpeech=NNP Lemma=Radio NamedEntityTag=O]
[Text=Uganda CharacterOffsetBegin=7 CharacterOffsetEnd=13 PartOfSpeech=NNP Lemma=Uganda NamedEntityTag=COUNTRY]
[Text='s CharacterOffsetBegin=13 CharacterOffsetEnd=15 PartOfSpeech=POS Lemma='s NamedEntityTag=O]
[Text=`` CharacterOffsetBegin=17 CharacterOffsetEnd=18 PartOfSpeech=`` Lemma=`` NamedEntityTag=O]
[Text=Newshour CharacterOffsetBegin=18 CharacterOffsetEnd=26 PartOfSpeech=NNP Lemma=Newshour NamedEntityTag=O]
[Text='' CharacterOffsetBegin=26 CharacterOffsetEnd=27 PartOfSpeech='' Lemma='' NamedEntityTag=O]
[Text=programme CharacterOffsetBegin=29 CharacterOffsetEnd=38 PartOfSpeech=NN Lemma=programme NamedEntityTag=O]
[Text=on CharacterOffsetBegin=40 CharacterOffsetEnd=42 PartOfSpeech=IN Lemma=on NamedEntityTag=O]
[Text=the CharacterOffsetBegin=44 CharacterOffsetEnd=47 PartOfSpeech=DT Lemma=the NamedEntityTag=TIME NormalizedNamedEntityTag=XXXX-01-01TEV Timex=<TIMEX3 tid="t1" type="TIME" value="XXXX-01-01TEV">the  evening  of  1  January</TIMEX3>]
[Text=evening CharacterOffsetBegin=49 CharacterOffsetEnd=56 PartOfSpeech=NN Lemma=evening NamedEntityTag=TIME NormalizedNamedEntityTag=XXXX-01-01TEV Timex=<TIMEX3 tid="t1" type="TIME" value="XXXX-01-01TEV">the  evening  of  1  January</TIMEX3>]
[Text=of CharacterOffsetBegin=58 CharacterOffsetEnd=60 PartOfSpeech=IN Lemma=of NamedEntityTag=TIME NormalizedNamedEntityTag=XXXX-01-01TEV Timex=<TIMEX3 tid="t1" type="TIME" value="XXXX-01-01TEV">the  evening  of  1  January</TIMEX3>]
[Text=1 CharacterOffsetBegin=62 CharacterOffsetEnd=63 PartOfSpeech=CD Lemma=1 NamedEntityTag=TIME NormalizedNamedEntityTag=XXXX-01-01TEV Timex=<TIMEX3 tid="t1" type="TIME" value="XXXX-01-01TEV">the  evening  of  1  January</TIMEX3>]
[Text=January CharacterOffsetBegin=65 CharacterOffsetEnd=72 PartOfSpeech=NNP Lemma=January NamedEntityTag=DATE NormalizedNamedEntityTag=XXXX-01-01TEV Timex=<TIMEX3 tid="t1" type="TIME" value="XXXX-01-01TEV">the  evening  of  1  January</TIMEX3>]
[Text=broadcast CharacterOffsetBegin=74 CharacterOffsetEnd=83 PartOfSpeech=VBD Lemma=broadcast NamedEntityTag=O]
[Text=a CharacterOffsetBegin=85 CharacterOffsetEnd=86 PartOfSpeech=DT Lemma=a NamedEntityTag=O]
[Text=recording CharacterOffsetBegin=88 CharacterOffsetEnd=97 PartOfSpeech=NN Lemma=recording NamedEntityTag=O]
[Text=of CharacterOffsetBegin=99 CharacterOffsetEnd=101 PartOfSpeech=IN Lemma=of NamedEntityTag=O]
[Text=the CharacterOffsetBegin=103 CharacterOffsetEnd=106 PartOfSpeech=DT Lemma=the NamedEntityTag=O]
[Text=appearance CharacterOffsetBegin=108 CharacterOffsetEnd=118 PartOfSpeech=NN Lemma=appearance NamedEntityTag=O]
[Text=by CharacterOffsetBegin=120 CharacterOffsetEnd=122 PartOfSpeech=IN Lemma=by NamedEntityTag=O]
[Text=Joseph CharacterOffsetBegin=124 CharacterOffsetEnd=130 PartOfSpeech=NNP Lemma=Joseph NamedEntityTag=PERSON]
[Text=Kony CharacterOffsetBegin=132 CharacterOffsetEnd=136 PartOfSpeech=NNP Lemma=Kony NamedEntityTag=PERSON]
[Text=, CharacterOffsetBegin=137 CharacterOffsetEnd=138 PartOfSpeech=, Lemma=, NamedEntityTag=O]
[Text=leader CharacterOffsetBegin=140 CharacterOffsetEnd=146 PartOfSpeech=NN Lemma=leader NamedEntityTag=TITLE]
[Text=of CharacterOffsetBegin=148 CharacterOffsetEnd=150 PartOfSpeech=IN Lemma=of NamedEntityTag=O]
[Text=the CharacterOffsetBegin=152 CharacterOffsetEnd=155 PartOfSpeech=DT Lemma=the NamedEntityTag=O]
[Text=Lord CharacterOffsetBegin=157 CharacterOffsetEnd=161 PartOfSpeech=NNP Lemma=Lord NamedEntityTag=O]
[Text='s CharacterOffsetBegin=161 CharacterOffsetEnd=163 PartOfSpeech=POS Lemma='s NamedEntityTag=O]
[Text=Resistance CharacterOffsetBegin=165 CharacterOffsetEnd=175 PartOfSpeech=NN Lemma=resistance NamedEntityTag=ORGANIZATION]
[Text=Army CharacterOffsetBegin=177 CharacterOffsetEnd=181 PartOfSpeech=NNP Lemma=Army NamedEntityTag=ORGANIZATION]
[Text=-LRB- CharacterOffsetBegin=183 CharacterOffsetEnd=184 PartOfSpeech=-LRB- Lemma=-lrb- NamedEntityTag=O]
[Text=LRA CharacterOffsetBegin=184 CharacterOffsetEnd=187 PartOfSpeech=NNP Lemma=LRA NamedEntityTag=ORGANIZATION]
[Text=-RRB- CharacterOffsetBegin=187 CharacterOffsetEnd=188 PartOfSpeech=-RRB- Lemma=-rrb- NamedEntityTag=O]
[Text=, CharacterOffsetBegin=189 CharacterOffsetEnd=190 PartOfSpeech=, Lemma=, NamedEntityTag=O]
[Text=on CharacterOffsetBegin=192 CharacterOffsetEnd=194 PartOfSpeech=IN Lemma=on NamedEntityTag=O]
[Text=a CharacterOffsetBegin=196 CharacterOffsetEnd=197 PartOfSpeech=DT Lemma=a NamedEntityTag=O]
[Text=talk-show CharacterOffsetBegin=199 CharacterOffsetEnd=208 PartOfSpeech=NN Lemma=talk-show NamedEntityTag=O]
[Text=originally CharacterOffsetBegin=210 CharacterOffsetEnd=220 PartOfSpeech=RB Lemma=originally NamedEntityTag=O]
[Text=broadcast CharacterOffsetBegin=222 CharacterOffsetEnd=231 PartOfSpeech=VBN Lemma=broadcast NamedEntityTag=O]
[Text=on CharacterOffsetBegin=233 CharacterOffsetEnd=235 PartOfSpeech=IN Lemma=on NamedEntityTag=O]
[Text=Mega CharacterOffsetBegin=237 CharacterOffsetEnd=241 PartOfSpeech=JJ Lemma=mega NamedEntityTag=O]
[Text=FM CharacterOffsetBegin=243 CharacterOffsetEnd=245 PartOfSpeech=NNP Lemma=FM NamedEntityTag=O]
[Text=radio CharacterOffsetBegin=247 CharacterOffsetEnd=252 PartOfSpeech=NN Lemma=radio NamedEntityTag=O]
[Text=in CharacterOffsetBegin=254 CharacterOffsetEnd=256 PartOfSpeech=IN Lemma=in NamedEntityTag=O]
[Text=Gulu CharacterOffsetBegin=258 CharacterOffsetEnd=262 PartOfSpeech=NNP Lemma=Gulu NamedEntityTag=CITY]
[Text=-LRB- CharacterOffsetBegin=264 CharacterOffsetEnd=265 PartOfSpeech=-LRB- Lemma=-lrb- NamedEntityTag=O]
[Text=northern CharacterOffsetBegin=265 CharacterOffsetEnd=273 PartOfSpeech=JJ Lemma=northern NamedEntityTag=O]
[Text=Uganda CharacterOffsetBegin=275 CharacterOffsetEnd=281 PartOfSpeech=NNP Lemma=Uganda NamedEntityTag=COUNTRY]
[Text=-RRB- CharacterOffsetBegin=281 CharacterOffsetEnd=282 PartOfSpeech=-RRB- Lemma=-rrb- NamedEntityTag=O]
[Text=on CharacterOffsetBegin=284 CharacterOffsetEnd=286 PartOfSpeech=IN Lemma=on NamedEntityTag=O]
[Text=28 CharacterOffsetBegin=288 CharacterOffsetEnd=290 PartOfSpeech=CD Lemma=28 NamedEntityTag=DATE NormalizedNamedEntityTag=XXXX-12-28 Timex=<TIMEX3 tid="t2" type="DATE" value="XXXX-12-28">28  December</TIMEX3>]
[Text=December CharacterOffsetBegin=292 CharacterOffsetEnd=300 PartOfSpeech=NNP Lemma=December NamedEntityTag=DATE NormalizedNamedEntityTag=XXXX-12-28 Timex=<TIMEX3 tid="t2" type="DATE" value="XXXX-12-28">28  December</TIMEX3>]
[Text=. CharacterOffsetBegin=300 CharacterOffsetEnd=301 PartOfSpeech=. Lemma=. NamedEntityTag=O]

Dependency Parse (enhanced plus plus dependencies):
root(ROOT-0, broadcast-14)
compound(Uganda-2, Radio-1)
nmod:poss(programme-7, Uganda-2)
case(Uganda-2, 's-3)
punct(programme-7, ``-4)
compound(programme-7, Newshour-5)
punct(programme-7, ''-6)
nsubj(broadcast-14, programme-7)
case(evening-10, on-8)
det(evening-10, the-9)
nmod:on(programme-7, evening-10)
case(January-13, of-11)
nummod(January-13, 1-12)
nmod:of(evening-10, January-13)
det(recording-16, a-15)
dobj(broadcast-14, recording-16)
case(appearance-19, of-17)
det(appearance-19, the-18)
nmod:of(recording-16, appearance-19)
case(Kony-22, by-20)
compound(Kony-22, Joseph-21)
nmod:by(appearance-19, Kony-22)
punct(Kony-22, ,-23)
appos(Kony-22, leader-24)
case(Army-30, of-25)
det(Lord-27, the-26)
nmod:poss(Army-30, Lord-27)
case(Lord-27, 's-28)
compound(Army-30, Resistance-29)
nmod:of(leader-24, Army-30)
punct(LRA-32, -LRB--31)
appos(Army-30, LRA-32)
punct(LRA-32, -RRB--33)
punct(Kony-22, ,-34)
case(talk-show-37, on-35)
det(talk-show-37, a-36)
nmod:on(broadcast-14, talk-show-37)
advmod(broadcast-39, originally-38)
acl(talk-show-37, broadcast-39)
case(radio-43, on-40)
amod(radio-43, Mega-41)
compound(radio-43, FM-42)
nmod:on(broadcast-39, radio-43)
case(Gulu-45, in-44)
nmod:in(broadcast-39, Gulu-45)
punct(Uganda-48, -LRB--46)
amod(Uganda-48, northern-47)
appos(Gulu-45, Uganda-48)
punct(Uganda-48, -RRB--49)
case(December-52, on-50)
nummod(December-52, 28-51)
nmod:on(broadcast-39, December-52)
punct(broadcast-14, .-53)

Extracted the following NER entity mentions:
Uganda	COUNTRY
the evening of 1	TIME
January	DATE
Joseph Kony	PERSON
leader	TITLE
Resistance Army	ORGANIZATION
LRA	ORGANIZATION
Gulu	CITY
Uganda	COUNTRY
28 December	DATE

Sentence #2 (34 tokens):
It  was  noted  that  Kony ,  "flanked  by  his  commander ,  Vincent  Otti" ,  had  spoken  to  Mega  FM  by  satellite  telephone  "from  an  unknown  place"  in  the  bush.

Tokens:
[Text=It CharacterOffsetBegin=303 CharacterOffsetEnd=305 PartOfSpeech=PRP Lemma=it NamedEntityTag=O]
[Text=was CharacterOffsetBegin=307 CharacterOffsetEnd=310 PartOfSpeech=VBD Lemma=be NamedEntityTag=O]
[Text=noted CharacterOffsetBegin=312 CharacterOffsetEnd=317 PartOfSpeech=VBN Lemma=note NamedEntityTag=O]
[Text=that CharacterOffsetBegin=319 CharacterOffsetEnd=323 PartOfSpeech=IN Lemma=that NamedEntityTag=O]
[Text=Kony CharacterOffsetBegin=325 CharacterOffsetEnd=329 PartOfSpeech=NNP Lemma=Kony NamedEntityTag=PERSON]
[Text=, CharacterOffsetBegin=330 CharacterOffsetEnd=331 PartOfSpeech=, Lemma=, NamedEntityTag=O]
[Text=`` CharacterOffsetBegin=333 CharacterOffsetEnd=334 PartOfSpeech=`` Lemma=`` NamedEntityTag=O]
[Text=flanked CharacterOffsetBegin=334 CharacterOffsetEnd=341 PartOfSpeech=VBN Lemma=flank NamedEntityTag=O]
[Text=by CharacterOffsetBegin=343 CharacterOffsetEnd=345 PartOfSpeech=IN Lemma=by NamedEntityTag=O]
[Text=his CharacterOffsetBegin=347 CharacterOffsetEnd=350 PartOfSpeech=PRP$ Lemma=he NamedEntityTag=O]
[Text=commander CharacterOffsetBegin=352 CharacterOffsetEnd=361 PartOfSpeech=NN Lemma=commander NamedEntityTag=TITLE]
[Text=, CharacterOffsetBegin=362 CharacterOffsetEnd=363 PartOfSpeech=, Lemma=, NamedEntityTag=O]
[Text=Vincent CharacterOffsetBegin=365 CharacterOffsetEnd=372 PartOfSpeech=NNP Lemma=Vincent NamedEntityTag=PERSON]
[Text=Otti CharacterOffsetBegin=374 CharacterOffsetEnd=378 PartOfSpeech=NNP Lemma=Otti NamedEntityTag=PERSON]
[Text='' CharacterOffsetBegin=378 CharacterOffsetEnd=379 PartOfSpeech='' Lemma='' NamedEntityTag=O]
[Text=, CharacterOffsetBegin=380 CharacterOffsetEnd=381 PartOfSpeech=, Lemma=, NamedEntityTag=O]
[Text=had CharacterOffsetBegin=383 CharacterOffsetEnd=386 PartOfSpeech=VBD Lemma=have NamedEntityTag=O]
[Text=spoken CharacterOffsetBegin=388 CharacterOffsetEnd=394 PartOfSpeech=VBN Lemma=speak NamedEntityTag=O]
[Text=to CharacterOffsetBegin=396 CharacterOffsetEnd=398 PartOfSpeech=TO Lemma=to NamedEntityTag=O]
[Text=Mega CharacterOffsetBegin=400 CharacterOffsetEnd=404 PartOfSpeech=JJ Lemma=mega NamedEntityTag=O]
[Text=FM CharacterOffsetBegin=406 CharacterOffsetEnd=408 PartOfSpeech=NN Lemma=fm NamedEntityTag=O]
[Text=by CharacterOffsetBegin=410 CharacterOffsetEnd=412 PartOfSpeech=IN Lemma=by NamedEntityTag=O]
[Text=satellite CharacterOffsetBegin=414 CharacterOffsetEnd=423 PartOfSpeech=NN Lemma=satellite NamedEntityTag=O]
[Text=telephone CharacterOffsetBegin=425 CharacterOffsetEnd=434 PartOfSpeech=NN Lemma=telephone NamedEntityTag=O]
[Text=`` CharacterOffsetBegin=436 CharacterOffsetEnd=437 PartOfSpeech=`` Lemma=`` NamedEntityTag=O]
[Text=from CharacterOffsetBegin=437 CharacterOffsetEnd=441 PartOfSpeech=IN Lemma=from NamedEntityTag=O]
[Text=an CharacterOffsetBegin=443 CharacterOffsetEnd=445 PartOfSpeech=DT Lemma=a NamedEntityTag=O]
[Text=unknown CharacterOffsetBegin=447 CharacterOffsetEnd=454 PartOfSpeech=JJ Lemma=unknown NamedEntityTag=O]
[Text=place CharacterOffsetBegin=456 CharacterOffsetEnd=461 PartOfSpeech=NN Lemma=place NamedEntityTag=O]
[Text='' CharacterOffsetBegin=461 CharacterOffsetEnd=462 PartOfSpeech='' Lemma='' NamedEntityTag=O]
[Text=in CharacterOffsetBegin=464 CharacterOffsetEnd=466 PartOfSpeech=IN Lemma=in NamedEntityTag=O]
[Text=the CharacterOffsetBegin=468 CharacterOffsetEnd=471 PartOfSpeech=DT Lemma=the NamedEntityTag=O]
[Text=bush CharacterOffsetBegin=473 CharacterOffsetEnd=477 PartOfSpeech=NN Lemma=bush NamedEntityTag=O]
[Text=. CharacterOffsetBegin=477 CharacterOffsetEnd=478 PartOfSpeech=. Lemma=. NamedEntityTag=O]

Dependency Parse (enhanced plus plus dependencies):
root(ROOT-0, noted-3)
nsubjpass(noted-3, It-1)
auxpass(noted-3, was-2)
mark(spoken-18, that-4)
nsubj(spoken-18, Kony-5)
punct(Kony-5, ,-6)
punct(flanked-8, ``-7)
acl(Kony-5, flanked-8)
case(commander-11, by-9)
nmod:poss(commander-11, his-10)
nmod:by(flanked-8, commander-11)
punct(commander-11, ,-12)
compound(Otti-14, Vincent-13)
appos(commander-11, Otti-14)
punct(commander-11, ''-15)
punct(Kony-5, ,-16)
aux(spoken-18, had-17)
ccomp(noted-3, spoken-18)
case(FM-21, to-19)
amod(FM-21, Mega-20)
nmod:to(spoken-18, FM-21)
case(telephone-24, by-22)
compound(telephone-24, satellite-23)
nmod:by(spoken-18, telephone-24)
punct(spoken-18, ``-25)
case(place-29, from-26)
det(place-29, an-27)
amod(place-29, unknown-28)
nmod:from(spoken-18, place-29)
punct(spoken-18, ''-30)
case(bush-33, in-31)
det(bush-33, the-32)
nmod:in(spoken-18, bush-33)
punct(noted-3, .-34)

Extracted the following NER entity mentions:
Kony	PERSON
commander	TITLE
Vincent Otti	PERSON
his	PERSON

Sentence #3 (24 tokens):
Radio  Uganda  noted  that  they  had  obtained  the  recording  from  the  press  unit  of  the  Uganda  People's  Defence  Forces  (UPDF).

Tokens:
[Text=Radio CharacterOffsetBegin=480 CharacterOffsetEnd=485 PartOfSpeech=NNP Lemma=Radio NamedEntityTag=O]
[Text=Uganda CharacterOffsetBegin=487 CharacterOffsetEnd=493 PartOfSpeech=NNP Lemma=Uganda NamedEntityTag=COUNTRY]
[Text=noted CharacterOffsetBegin=495 CharacterOffsetEnd=500 PartOfSpeech=VBD Lemma=note NamedEntityTag=O]
[Text=that CharacterOffsetBegin=502 CharacterOffsetEnd=506 PartOfSpeech=IN Lemma=that NamedEntityTag=O]
[Text=they CharacterOffsetBegin=508 CharacterOffsetEnd=512 PartOfSpeech=PRP Lemma=they NamedEntityTag=O]
[Text=had CharacterOffsetBegin=514 CharacterOffsetEnd=517 PartOfSpeech=VBD Lemma=have NamedEntityTag=O]
[Text=obtained CharacterOffsetBegin=519 CharacterOffsetEnd=527 PartOfSpeech=VBN Lemma=obtain NamedEntityTag=O]
[Text=the CharacterOffsetBegin=529 CharacterOffsetEnd=532 PartOfSpeech=DT Lemma=the NamedEntityTag=O]
[Text=recording CharacterOffsetBegin=534 CharacterOffsetEnd=543 PartOfSpeech=NN Lemma=recording NamedEntityTag=O]
[Text=from CharacterOffsetBegin=545 CharacterOffsetEnd=549 PartOfSpeech=IN Lemma=from NamedEntityTag=O]
[Text=the CharacterOffsetBegin=551 CharacterOffsetEnd=554 PartOfSpeech=DT Lemma=the NamedEntityTag=O]
[Text=press CharacterOffsetBegin=556 CharacterOffsetEnd=561 PartOfSpeech=NN Lemma=press NamedEntityTag=O]
[Text=unit CharacterOffsetBegin=563 CharacterOffsetEnd=567 PartOfSpeech=NN Lemma=unit NamedEntityTag=O]
[Text=of CharacterOffsetBegin=569 CharacterOffsetEnd=571 PartOfSpeech=IN Lemma=of NamedEntityTag=O]
[Text=the CharacterOffsetBegin=573 CharacterOffsetEnd=576 PartOfSpeech=DT Lemma=the NamedEntityTag=O]
[Text=Uganda CharacterOffsetBegin=578 CharacterOffsetEnd=584 PartOfSpeech=NNP Lemma=Uganda NamedEntityTag=ORGANIZATION]
[Text=People CharacterOffsetBegin=586 CharacterOffsetEnd=592 PartOfSpeech=NNP Lemma=People NamedEntityTag=ORGANIZATION]
[Text='s CharacterOffsetBegin=592 CharacterOffsetEnd=594 PartOfSpeech=POS Lemma='s NamedEntityTag=ORGANIZATION]
[Text=Defence CharacterOffsetBegin=596 CharacterOffsetEnd=603 PartOfSpeech=NNP Lemma=Defence NamedEntityTag=ORGANIZATION]
[Text=Forces CharacterOffsetBegin=605 CharacterOffsetEnd=611 PartOfSpeech=NNP Lemma=Forces NamedEntityTag=ORGANIZATION]
[Text=-LRB- CharacterOffsetBegin=613 CharacterOffsetEnd=614 PartOfSpeech=-LRB- Lemma=-lrb- NamedEntityTag=O]
[Text=UPDF CharacterOffsetBegin=614 CharacterOffsetEnd=618 PartOfSpeech=NNP Lemma=UPDF NamedEntityTag=ORGANIZATION]
[Text=-RRB- CharacterOffsetBegin=618 CharacterOffsetEnd=619 PartOfSpeech=-RRB- Lemma=-rrb- NamedEntityTag=O]
[Text=. CharacterOffsetBegin=619 CharacterOffsetEnd=620 PartOfSpeech=. Lemma=. NamedEntityTag=O]

Dependency Parse (enhanced plus plus dependencies):
root(ROOT-0, noted-3)
compound(Uganda-2, Radio-1)
nsubj(noted-3, Uganda-2)
mark(obtained-7, that-4)
nsubj(obtained-7, they-5)
aux(obtained-7, had-6)
ccomp(noted-3, obtained-7)
det(recording-9, the-8)
dobj(obtained-7, recording-9)
case(unit-13, from-10)
det(unit-13, the-11)
compound(unit-13, press-12)
nmod:from(obtained-7, unit-13)
case(Forces-20, of-14)
det(People-17, the-15)
compound(People-17, Uganda-16)
nmod:poss(Forces-20, People-17)
case(People-17, 's-18)
compound(Forces-20, Defence-19)
nmod:of(unit-13, Forces-20)
punct(UPDF-22, -LRB--21)
appos(Forces-20, UPDF-22)
punct(UPDF-22, -RRB--23)
punct(noted-3, .-24)

Extracted the following NER entity mentions:
Uganda	COUNTRY
Uganda People's Defence Forces	ORGANIZATION
UPDF	ORGANIZATION

Sentence #4 (27 tokens):
Radio  Uganda ,  Kampala ,  in  English  1700  gmt  1  Jan  03  In  the  recording  that  was  then  broadcast ,  Kony  spoke  almost  entirely  in  Luo.

Tokens:
[Text=Radio CharacterOffsetBegin=622 CharacterOffsetEnd=627 PartOfSpeech=NNP Lemma=Radio NamedEntityTag=O]
[Text=Uganda CharacterOffsetBegin=629 CharacterOffsetEnd=635 PartOfSpeech=NNP Lemma=Uganda NamedEntityTag=COUNTRY]
[Text=, CharacterOffsetBegin=636 CharacterOffsetEnd=637 PartOfSpeech=, Lemma=, NamedEntityTag=O]
[Text=Kampala CharacterOffsetBegin=639 CharacterOffsetEnd=646 PartOfSpeech=NNP Lemma=Kampala NamedEntityTag=CITY]
[Text=, CharacterOffsetBegin=647 CharacterOffsetEnd=648 PartOfSpeech=, Lemma=, NamedEntityTag=O]
[Text=in CharacterOffsetBegin=650 CharacterOffsetEnd=652 PartOfSpeech=IN Lemma=in NamedEntityTag=O]
[Text=English CharacterOffsetBegin=654 CharacterOffsetEnd=661 PartOfSpeech=NNP Lemma=English NamedEntityTag=NATIONALITY]
[Text=1700 CharacterOffsetBegin=663 CharacterOffsetEnd=667 PartOfSpeech=CD Lemma=1700 NamedEntityTag=DATE NormalizedNamedEntityTag=1700 Timex=<TIMEX3 tid="t3" type="DATE" value="1700">1700</TIMEX3>]
[Text=gmt CharacterOffsetBegin=669 CharacterOffsetEnd=672 PartOfSpeech=NN Lemma=gmt NamedEntityTag=O]
[Text=1 CharacterOffsetBegin=674 CharacterOffsetEnd=675 PartOfSpeech=CD Lemma=1 NamedEntityTag=DATE NormalizedNamedEntityTag=XXXX-01-01 Timex=<TIMEX3 tid="t4" type="DATE" value="XXXX-01-01">1  Jan  03</TIMEX3>]
[Text=Jan CharacterOffsetBegin=677 CharacterOffsetEnd=680 PartOfSpeech=NNP Lemma=Jan NamedEntityTag=DATE NormalizedNamedEntityTag=XXXX-01-01 Timex=<TIMEX3 tid="t4" type="DATE" value="XXXX-01-01">1  Jan  03</TIMEX3>]
[Text=03 CharacterOffsetBegin=682 CharacterOffsetEnd=684 PartOfSpeech=CD Lemma=03 NamedEntityTag=DATE NormalizedNamedEntityTag=XXXX-01-01 Timex=<TIMEX3 tid="t4" type="DATE" value="XXXX-01-01">1  Jan  03</TIMEX3>]
[Text=In CharacterOffsetBegin=686 CharacterOffsetEnd=688 PartOfSpeech=IN Lemma=in NamedEntityTag=O]
[Text=the CharacterOffsetBegin=690 CharacterOffsetEnd=693 PartOfSpeech=DT Lemma=the NamedEntityTag=O]
[Text=recording CharacterOffsetBegin=695 CharacterOffsetEnd=704 PartOfSpeech=NN Lemma=recording NamedEntityTag=O]
[Text=that CharacterOffsetBegin=706 CharacterOffsetEnd=710 PartOfSpeech=WDT Lemma=that NamedEntityTag=O]
[Text=was CharacterOffsetBegin=712 CharacterOffsetEnd=715 PartOfSpeech=VBD Lemma=be NamedEntityTag=O]
[Text=then CharacterOffsetBegin=717 CharacterOffsetEnd=721 PartOfSpeech=RB Lemma=then NamedEntityTag=O]
[Text=broadcast CharacterOffsetBegin=723 CharacterOffsetEnd=732 PartOfSpeech=VBN Lemma=broadcast NamedEntityTag=O]
[Text=, CharacterOffsetBegin=733 CharacterOffsetEnd=734 PartOfSpeech=, Lemma=, NamedEntityTag=O]
[Text=Kony CharacterOffsetBegin=736 CharacterOffsetEnd=740 PartOfSpeech=NNP Lemma=Kony NamedEntityTag=PERSON]
[Text=spoke CharacterOffsetBegin=742 CharacterOffsetEnd=747 PartOfSpeech=VBD Lemma=speak NamedEntityTag=O]
[Text=almost CharacterOffsetBegin=749 CharacterOffsetEnd=755 PartOfSpeech=RB Lemma=almost NamedEntityTag=O]
[Text=entirely CharacterOffsetBegin=757 CharacterOffsetEnd=765 PartOfSpeech=RB Lemma=entirely NamedEntityTag=O]
[Text=in CharacterOffsetBegin=767 CharacterOffsetEnd=769 PartOfSpeech=IN Lemma=in NamedEntityTag=O]
[Text=Luo CharacterOffsetBegin=771 CharacterOffsetEnd=774 PartOfSpeech=NNP Lemma=Luo NamedEntityTag=PERSON]
[Text=. CharacterOffsetBegin=774 CharacterOffsetEnd=775 PartOfSpeech=. Lemma=. NamedEntityTag=O]

Dependency Parse (enhanced plus plus dependencies):
root(ROOT-0, spoke-22)
compound(Uganda-2, Radio-1)
nsubj(spoke-22, Uganda-2)
punct(Uganda-2, ,-3)
appos(Uganda-2, Kampala-4)
punct(Uganda-2, ,-5)
case(gmt-9, in-6)
compound(gmt-9, English-7)
nummod(gmt-9, 1700-8)
nmod:in(spoke-22, gmt-9)
nummod(Jan-11, 1-10)
nsubjpass(broadcast-19, Jan-11)
nsubj(spoke-22, Jan-11)
nummod(Jan-11, 03-12)
case(recording-15, In-13)
det(recording-15, the-14)
nmod:in(Jan-11, recording-15)
ref(Jan-11, that-16)
auxpass(broadcast-19, was-17)
advmod(broadcast-19, then-18)
acl:relcl(Jan-11, broadcast-19)
punct(Jan-11, ,-20)
nsubj(spoke-22, Kony-21)
advmod(entirely-24, almost-23)
advmod(spoke-22, entirely-24)
case(Luo-26, in-25)
nmod:in(spoke-22, Luo-26)
punct(spoke-22, .-27)

Extracted the following NER entity mentions:
Uganda	COUNTRY
Kampala	CITY
English	NATIONALITY
1700	DATE
1 Jan 03	DATE
Kony	PERSON
Luo	PERSON

Sentence #5 (10 tokens):
A  few  brief  remarks  in  English  were  largely  indistinct.

Tokens:
[Text=A CharacterOffsetBegin=777 CharacterOffsetEnd=778 PartOfSpeech=DT Lemma=a NamedEntityTag=O]
[Text=few CharacterOffsetBegin=780 CharacterOffsetEnd=783 PartOfSpeech=JJ Lemma=few NamedEntityTag=O]
[Text=brief CharacterOffsetBegin=785 CharacterOffsetEnd=790 PartOfSpeech=JJ Lemma=brief NamedEntityTag=O]
[Text=remarks CharacterOffsetBegin=792 CharacterOffsetEnd=799 PartOfSpeech=NNS Lemma=remark NamedEntityTag=O]
[Text=in CharacterOffsetBegin=801 CharacterOffsetEnd=803 PartOfSpeech=IN Lemma=in NamedEntityTag=O]
[Text=English CharacterOffsetBegin=805 CharacterOffsetEnd=812 PartOfSpeech=NNP Lemma=English NamedEntityTag=NATIONALITY]
[Text=were CharacterOffsetBegin=814 CharacterOffsetEnd=818 PartOfSpeech=VBD Lemma=be NamedEntityTag=O]
[Text=largely CharacterOffsetBegin=820 CharacterOffsetEnd=827 PartOfSpeech=RB Lemma=largely NamedEntityTag=O]
[Text=indistinct CharacterOffsetBegin=829 CharacterOffsetEnd=839 PartOfSpeech=JJ Lemma=indistinct NamedEntityTag=O]
[Text=. CharacterOffsetBegin=839 CharacterOffsetEnd=840 PartOfSpeech=. Lemma=. NamedEntityTag=O]

Dependency Parse (enhanced plus plus dependencies):
root(ROOT-0, indistinct-9)
det(remarks-4, A-1)
amod(remarks-4, few-2)
amod(remarks-4, brief-3)
nsubj(indistinct-9, remarks-4)
case(English-6, in-5)
nmod:in(remarks-4, English-6)
cop(indistinct-9, were-7)
advmod(indistinct-9, largely-8)
punct(indistinct-9, .-10)

Extracted the following NER entity mentions:
English	NATIONALITY

Sentence #6 (43 tokens):
After  playing  an  initial  clip  of  Kony's  remarks ,  the  Radio  Uganda  presenter  said:  "  That  was  Joseph  Kony ,  the  leader  of  the  Lord's  Resistance  Army ,  LRA ,  who  is  fighting  from  the  bush  in  northern  Uganda.

Tokens:
[Text=After CharacterOffsetBegin=842 CharacterOffsetEnd=847 PartOfSpeech=IN Lemma=after NamedEntityTag=O]
[Text=playing CharacterOffsetBegin=849 CharacterOffsetEnd=856 PartOfSpeech=VBG Lemma=play NamedEntityTag=O]
[Text=an CharacterOffsetBegin=858 CharacterOffsetEnd=860 PartOfSpeech=DT Lemma=a NamedEntityTag=O]
[Text=initial CharacterOffsetBegin=862 CharacterOffsetEnd=869 PartOfSpeech=JJ Lemma=initial NamedEntityTag=O]
[Text=clip CharacterOffsetBegin=871 CharacterOffsetEnd=875 PartOfSpeech=NN Lemma=clip NamedEntityTag=O]
[Text=of CharacterOffsetBegin=877 CharacterOffsetEnd=879 PartOfSpeech=IN Lemma=of NamedEntityTag=O]
[Text=Kony CharacterOffsetBegin=881 CharacterOffsetEnd=885 PartOfSpeech=NNP Lemma=Kony NamedEntityTag=PERSON]
[Text='s CharacterOffsetBegin=885 CharacterOffsetEnd=887 PartOfSpeech=POS Lemma='s NamedEntityTag=O]
[Text=remarks CharacterOffsetBegin=889 CharacterOffsetEnd=896 PartOfSpeech=NNS Lemma=remark NamedEntityTag=O]
[Text=, CharacterOffsetBegin=897 CharacterOffsetEnd=898 PartOfSpeech=, Lemma=, NamedEntityTag=O]
[Text=the CharacterOffsetBegin=900 CharacterOffsetEnd=903 PartOfSpeech=DT Lemma=the NamedEntityTag=O]
[Text=Radio CharacterOffsetBegin=905 CharacterOffsetEnd=910 PartOfSpeech=NNP Lemma=Radio NamedEntityTag=O]
[Text=Uganda CharacterOffsetBegin=912 CharacterOffsetEnd=918 PartOfSpeech=NNP Lemma=Uganda NamedEntityTag=COUNTRY]
[Text=presenter CharacterOffsetBegin=920 CharacterOffsetEnd=929 PartOfSpeech=NN Lemma=presenter NamedEntityTag=TITLE]
[Text=said CharacterOffsetBegin=931 CharacterOffsetEnd=935 PartOfSpeech=VBD Lemma=say NamedEntityTag=O]
[Text=: CharacterOffsetBegin=935 CharacterOffsetEnd=936 PartOfSpeech=: Lemma=: NamedEntityTag=O]
[Text='' CharacterOffsetBegin=938 CharacterOffsetEnd=939 PartOfSpeech='' Lemma='' NamedEntityTag=O]
[Text=That CharacterOffsetBegin=941 CharacterOffsetEnd=945 PartOfSpeech=DT Lemma=that NamedEntityTag=O]
[Text=was CharacterOffsetBegin=947 CharacterOffsetEnd=950 PartOfSpeech=VBD Lemma=be NamedEntityTag=O]
[Text=Joseph CharacterOffsetBegin=952 CharacterOffsetEnd=958 PartOfSpeech=NNP Lemma=Joseph NamedEntityTag=PERSON]
[Text=Kony CharacterOffsetBegin=960 CharacterOffsetEnd=964 PartOfSpeech=NNP Lemma=Kony NamedEntityTag=PERSON]
[Text=, CharacterOffsetBegin=965 CharacterOffsetEnd=966 PartOfSpeech=, Lemma=, NamedEntityTag=O]
[Text=the CharacterOffsetBegin=968 CharacterOffsetEnd=971 PartOfSpeech=DT Lemma=the NamedEntityTag=O]
[Text=leader CharacterOffsetBegin=973 CharacterOffsetEnd=979 PartOfSpeech=NN Lemma=leader NamedEntityTag=TITLE]
[Text=of CharacterOffsetBegin=981 CharacterOffsetEnd=983 PartOfSpeech=IN Lemma=of NamedEntityTag=O]
[Text=the CharacterOffsetBegin=985 CharacterOffsetEnd=988 PartOfSpeech=DT Lemma=the NamedEntityTag=O]
[Text=Lord CharacterOffsetBegin=990 CharacterOffsetEnd=994 PartOfSpeech=NNP Lemma=Lord NamedEntityTag=O]
[Text='s CharacterOffsetBegin=994 CharacterOffsetEnd=996 PartOfSpeech=POS Lemma='s NamedEntityTag=O]
[Text=Resistance CharacterOffsetBegin=998 CharacterOffsetEnd=1008 PartOfSpeech=NN Lemma=resistance NamedEntityTag=ORGANIZATION]
[Text=Army CharacterOffsetBegin=1010 CharacterOffsetEnd=1014 PartOfSpeech=NNP Lemma=Army NamedEntityTag=ORGANIZATION]
[Text=, CharacterOffsetBegin=1015 CharacterOffsetEnd=1016 PartOfSpeech=, Lemma=, NamedEntityTag=O]
[Text=LRA CharacterOffsetBegin=1018 CharacterOffsetEnd=1021 PartOfSpeech=NNP Lemma=LRA NamedEntityTag=ORGANIZATION]
[Text=, CharacterOffsetBegin=1022 CharacterOffsetEnd=1023 PartOfSpeech=, Lemma=, NamedEntityTag=O]
[Text=who CharacterOffsetBegin=1025 CharacterOffsetEnd=1028 PartOfSpeech=WP Lemma=who NamedEntityTag=O]
[Text=is CharacterOffsetBegin=1030 CharacterOffsetEnd=1032 PartOfSpeech=VBZ Lemma=be NamedEntityTag=O]
[Text=fighting CharacterOffsetBegin=1034 CharacterOffsetEnd=1042 PartOfSpeech=VBG Lemma=fight NamedEntityTag=O]
[Text=from CharacterOffsetBegin=1044 CharacterOffsetEnd=1048 PartOfSpeech=IN Lemma=from NamedEntityTag=O]
[Text=the CharacterOffsetBegin=1050 CharacterOffsetEnd=1053 PartOfSpeech=DT Lemma=the NamedEntityTag=O]
[Text=bush CharacterOffsetBegin=1055 CharacterOffsetEnd=1059 PartOfSpeech=NN Lemma=bush NamedEntityTag=O]
[Text=in CharacterOffsetBegin=1061 CharacterOffsetEnd=1063 PartOfSpeech=IN Lemma=in NamedEntityTag=O]
[Text=northern CharacterOffsetBegin=1065 CharacterOffsetEnd=1073 PartOfSpeech=JJ Lemma=northern NamedEntityTag=O]
[Text=Uganda CharacterOffsetBegin=1075 CharacterOffsetEnd=1081 PartOfSpeech=NNP Lemma=Uganda NamedEntityTag=COUNTRY]
[Text=. CharacterOffsetBegin=1081 CharacterOffsetEnd=1082 PartOfSpeech=. Lemma=. NamedEntityTag=O]

Dependency Parse (enhanced plus plus dependencies):
root(ROOT-0, said-15)
mark(playing-2, After-1)
advcl:after(said-15, playing-2)
det(clip-5, an-3)
amod(clip-5, initial-4)
dobj(playing-2, clip-5)
case(remarks-9, of-6)
nmod:poss(remarks-9, Kony-7)
case(Kony-7, 's-8)
nmod:of(clip-5, remarks-9)
punct(said-15, ,-10)
det(presenter-14, the-11)
compound(presenter-14, Radio-12)
compound(presenter-14, Uganda-13)
nsubj(said-15, presenter-14)
punct(said-15, :-16)
punct(said-15, ''-17)
nsubj(Kony-21, That-18)
cop(Kony-21, was-19)
compound(Kony-21, Joseph-20)
ccomp(said-15, Kony-21)
punct(Kony-21, ,-22)
det(leader-24, the-23)
appos(Kony-21, leader-24)
case(Army-30, of-25)
det(Lord-27, the-26)
nmod:poss(Army-30, Lord-27)
case(Lord-27, 's-28)
compound(Army-30, Resistance-29)
nmod:of(leader-24, Army-30)
nsubj(fighting-36, Army-30)
punct(Army-30, ,-31)
appos(Army-30, LRA-32)
punct(Army-30, ,-33)
ref(Army-30, who-34)
aux(fighting-36, is-35)
acl:relcl(Army-30, fighting-36)
case(bush-39, from-37)
det(bush-39, the-38)
nmod:from(fighting-36, bush-39)
case(Uganda-42, in-40)
amod(Uganda-42, northern-41)
nmod:in(bush-39, Uganda-42)
punct(said-15, .-43)

Extracted the following NER entity mentions:
Kony	PERSON
Uganda	COUNTRY
presenter	TITLE
Joseph Kony	PERSON
leader	TITLE
Resistance Army	ORGANIZATION
LRA	ORGANIZATION
Uganda	COUNTRY

Sentence #7 (28 tokens):
Mr  Joseph  Kony  said  that  he  is  fighting  to  liberate  Uganda  and  that  the  war  is  not  only  on  behalf  of  the  Acholi  but  for  all  Ugandans.

Tokens:
[Text=Mr CharacterOffsetBegin=1084 CharacterOffsetEnd=1086 PartOfSpeech=NNP Lemma=Mr NamedEntityTag=O]
[Text=Joseph CharacterOffsetBegin=1088 CharacterOffsetEnd=1094 PartOfSpeech=NNP Lemma=Joseph NamedEntityTag=PERSON]
[Text=Kony CharacterOffsetBegin=1096 CharacterOffsetEnd=1100 PartOfSpeech=NNP Lemma=Kony NamedEntityTag=PERSON]
[Text=said CharacterOffsetBegin=1102 CharacterOffsetEnd=1106 PartOfSpeech=VBD Lemma=say NamedEntityTag=O]
[Text=that CharacterOffsetBegin=1108 CharacterOffsetEnd=1112 PartOfSpeech=IN Lemma=that NamedEntityTag=O]
[Text=he CharacterOffsetBegin=1114 CharacterOffsetEnd=1116 PartOfSpeech=PRP Lemma=he NamedEntityTag=O]
[Text=is CharacterOffsetBegin=1118 CharacterOffsetEnd=1120 PartOfSpeech=VBZ Lemma=be NamedEntityTag=O]
[Text=fighting CharacterOffsetBegin=1122 CharacterOffsetEnd=1130 PartOfSpeech=VBG Lemma=fight NamedEntityTag=O]
[Text=to CharacterOffsetBegin=1132 CharacterOffsetEnd=1134 PartOfSpeech=TO Lemma=to NamedEntityTag=O]
[Text=liberate CharacterOffsetBegin=1136 CharacterOffsetEnd=1144 PartOfSpeech=VB Lemma=liberate NamedEntityTag=O]
[Text=Uganda CharacterOffsetBegin=1146 CharacterOffsetEnd=1152 PartOfSpeech=NNP Lemma=Uganda NamedEntityTag=COUNTRY]
[Text=and CharacterOffsetBegin=1154 CharacterOffsetEnd=1157 PartOfSpeech=CC Lemma=and NamedEntityTag=O]
[Text=that CharacterOffsetBegin=1159 CharacterOffsetEnd=1163 PartOfSpeech=IN Lemma=that NamedEntityTag=O]
[Text=the CharacterOffsetBegin=1165 CharacterOffsetEnd=1168 PartOfSpeech=DT Lemma=the NamedEntityTag=O]
[Text=war CharacterOffsetBegin=1170 CharacterOffsetEnd=1173 PartOfSpeech=NN Lemma=war NamedEntityTag=CAUSE_OF_DEATH]
[Text=is CharacterOffsetBegin=1175 CharacterOffsetEnd=1177 PartOfSpeech=VBZ Lemma=be NamedEntityTag=O]
[Text=not CharacterOffsetBegin=1179 CharacterOffsetEnd=1182 PartOfSpeech=RB Lemma=not NamedEntityTag=O]
[Text=only CharacterOffsetBegin=1184 CharacterOffsetEnd=1188 PartOfSpeech=RB Lemma=only NamedEntityTag=O]
[Text=on CharacterOffsetBegin=1190 CharacterOffsetEnd=1192 PartOfSpeech=IN Lemma=on NamedEntityTag=O]
[Text=behalf CharacterOffsetBegin=1194 CharacterOffsetEnd=1200 PartOfSpeech=NN Lemma=behalf NamedEntityTag=O]
[Text=of CharacterOffsetBegin=1202 CharacterOffsetEnd=1204 PartOfSpeech=IN Lemma=of NamedEntityTag=O]
[Text=the CharacterOffsetBegin=1206 CharacterOffsetEnd=1209 PartOfSpeech=DT Lemma=the NamedEntityTag=O]
[Text=Acholi CharacterOffsetBegin=1211 CharacterOffsetEnd=1217 PartOfSpeech=NNP Lemma=Acholi NamedEntityTag=MISC]
[Text=but CharacterOffsetBegin=1219 CharacterOffsetEnd=1222 PartOfSpeech=CC Lemma=but NamedEntityTag=O]
[Text=for CharacterOffsetBegin=1224 CharacterOffsetEnd=1227 PartOfSpeech=IN Lemma=for NamedEntityTag=O]
[Text=all CharacterOffsetBegin=1229 CharacterOffsetEnd=1232 PartOfSpeech=DT Lemma=all NamedEntityTag=O]
[Text=Ugandans CharacterOffsetBegin=1234 CharacterOffsetEnd=1242 PartOfSpeech=NNPS Lemma=Ugandans NamedEntityTag=MISC]
[Text=. CharacterOffsetBegin=1242 CharacterOffsetEnd=1243 PartOfSpeech=. Lemma=. NamedEntityTag=O]

Dependency Parse (enhanced plus plus dependencies):
root(ROOT-0, said-4)
compound(Kony-3, Mr-1)
compound(Kony-3, Joseph-2)
nsubj(said-4, Kony-3)
mark(fighting-8, that-5)
nsubj(fighting-8, he-6)
nsubj:xsubj(liberate-10, he-6)
aux(fighting-8, is-7)
ccomp(said-4, fighting-8)
mark(liberate-10, to-9)
xcomp(fighting-8, liberate-10)
dobj(liberate-10, Uganda-11)
cc(fighting-8, and-12)
mark(Acholi-23, that-13)
det(war-15, the-14)
nsubj(Acholi-23, war-15)
cop(Acholi-23, is-16)
neg(only-18, not-17)
cc:preconj(Acholi-23, only-18)
case(Acholi-23, on-19)
mwe(on-19, behalf-20)
mwe(on-19, of-21)
det(Acholi-23, the-22)
ccomp(said-4, Acholi-23)
conj:and(fighting-8, Acholi-23)
cc(Acholi-23, but-24)
case(Ugandans-27, for-25)
det(Ugandans-27, all-26)
conj:and(fighting-8, Ugandans-27)
conj:but(Acholi-23, Ugandans-27)
punct(said-4, .-28)

Extracted the following NER entity mentions:
Joseph Kony	PERSON
Uganda	COUNTRY
war	CAUSE_OF_DEATH
Acholi	MISC
Ugandans	MISC
he	PERSON

Sentence #8 (36 tokens):
He  was  speaking  from  the  bush  and ,  of  course ,  he  says  that  he  doesn't  hate  President  Yoweri  Museveni  but  does  not  also  like  some  of  the  messages  in  use  by  the  government  .

Tokens:
[Text=He CharacterOffsetBegin=1245 CharacterOffsetEnd=1247 PartOfSpeech=PRP Lemma=he NamedEntityTag=O]
[Text=was CharacterOffsetBegin=1249 CharacterOffsetEnd=1252 PartOfSpeech=VBD Lemma=be NamedEntityTag=O]
[Text=speaking CharacterOffsetBegin=1254 CharacterOffsetEnd=1262 PartOfSpeech=VBG Lemma=speak NamedEntityTag=O]
[Text=from CharacterOffsetBegin=1264 CharacterOffsetEnd=1268 PartOfSpeech=IN Lemma=from NamedEntityTag=O]
[Text=the CharacterOffsetBegin=1270 CharacterOffsetEnd=1273 PartOfSpeech=DT Lemma=the NamedEntityTag=O]
[Text=bush CharacterOffsetBegin=1275 CharacterOffsetEnd=1279 PartOfSpeech=NN Lemma=bush NamedEntityTag=O]
[Text=and CharacterOffsetBegin=1281 CharacterOffsetEnd=1284 PartOfSpeech=CC Lemma=and NamedEntityTag=O]
[Text=, CharacterOffsetBegin=1285 CharacterOffsetEnd=1286 PartOfSpeech=, Lemma=, NamedEntityTag=O]
[Text=of CharacterOffsetBegin=1288 CharacterOffsetEnd=1290 PartOfSpeech=IN Lemma=of NamedEntityTag=O]
[Text=course CharacterOffsetBegin=1292 CharacterOffsetEnd=1298 PartOfSpeech=NN Lemma=course NamedEntityTag=O]
[Text=, CharacterOffsetBegin=1299 CharacterOffsetEnd=1300 PartOfSpeech=, Lemma=, NamedEntityTag=O]
[Text=he CharacterOffsetBegin=1302 CharacterOffsetEnd=1304 PartOfSpeech=PRP Lemma=he NamedEntityTag=O]
[Text=says CharacterOffsetBegin=1306 CharacterOffsetEnd=1310 PartOfSpeech=VBZ Lemma=say NamedEntityTag=O]
[Text=that CharacterOffsetBegin=1312 CharacterOffsetEnd=1316 PartOfSpeech=IN Lemma=that NamedEntityTag=O]
[Text=he CharacterOffsetBegin=1318 CharacterOffsetEnd=1320 PartOfSpeech=PRP Lemma=he NamedEntityTag=O]
[Text=does CharacterOffsetBegin=1322 CharacterOffsetEnd=1326 PartOfSpeech=VBZ Lemma=do NamedEntityTag=O]
[Text=n't CharacterOffsetBegin=1326 CharacterOffsetEnd=1329 PartOfSpeech=RB Lemma=not NamedEntityTag=O]
[Text=hate CharacterOffsetBegin=1331 CharacterOffsetEnd=1335 PartOfSpeech=VB Lemma=hate NamedEntityTag=O]
[Text=President CharacterOffsetBegin=1337 CharacterOffsetEnd=1346 PartOfSpeech=NNP Lemma=President NamedEntityTag=TITLE]
[Text=Yoweri CharacterOffsetBegin=1348 CharacterOffsetEnd=1354 PartOfSpeech=NNP Lemma=Yoweri NamedEntityTag=PERSON]
[Text=Museveni CharacterOffsetBegin=1356 CharacterOffsetEnd=1364 PartOfSpeech=NNP Lemma=Museveni NamedEntityTag=PERSON]
[Text=but CharacterOffsetBegin=1366 CharacterOffsetEnd=1369 PartOfSpeech=CC Lemma=but NamedEntityTag=O]
[Text=does CharacterOffsetBegin=1371 CharacterOffsetEnd=1375 PartOfSpeech=VBZ Lemma=do NamedEntityTag=O]
[Text=not CharacterOffsetBegin=1377 CharacterOffsetEnd=1380 PartOfSpeech=RB Lemma=not NamedEntityTag=O]
[Text=also CharacterOffsetBegin=1382 CharacterOffsetEnd=1386 PartOfSpeech=RB Lemma=also NamedEntityTag=O]
[Text=like CharacterOffsetBegin=1388 CharacterOffsetEnd=1392 PartOfSpeech=IN Lemma=like NamedEntityTag=O]
[Text=some CharacterOffsetBegin=1394 CharacterOffsetEnd=1398 PartOfSpeech=DT Lemma=some NamedEntityTag=O]
[Text=of CharacterOffsetBegin=1400 CharacterOffsetEnd=1402 PartOfSpeech=IN Lemma=of NamedEntityTag=O]
[Text=the CharacterOffsetBegin=1404 CharacterOffsetEnd=1407 PartOfSpeech=DT Lemma=the NamedEntityTag=O]
[Text=messages CharacterOffsetBegin=1409 CharacterOffsetEnd=1417 PartOfSpeech=NNS Lemma=message NamedEntityTag=O]
[Text=in CharacterOffsetBegin=1419 CharacterOffsetEnd=1421 PartOfSpeech=IN Lemma=in NamedEntityTag=O]
[Text=use CharacterOffsetBegin=1423 CharacterOffsetEnd=1426 PartOfSpeech=NN Lemma=use NamedEntityTag=O]
[Text=by CharacterOffsetBegin=1428 CharacterOffsetEnd=1430 PartOfSpeech=IN Lemma=by NamedEntityTag=O]
[Text=the CharacterOffsetBegin=1432 CharacterOffsetEnd=1435 PartOfSpeech=DT Lemma=the NamedEntityTag=O]
[Text=government CharacterOffsetBegin=1437 CharacterOffsetEnd=1447 PartOfSpeech=NN Lemma=government NamedEntityTag=O]
[Text=. CharacterOffsetBegin=1449 CharacterOffsetEnd=1450 PartOfSpeech=. Lemma=. NamedEntityTag=O]

Dependency Parse (enhanced plus plus dependencies):
root(ROOT-0, speaking-3)
nsubj(speaking-3, He-1)
aux(speaking-3, was-2)
case(bush-6, from-4)
det(bush-6, the-5)
nmod:from(speaking-3, bush-6)
cc(speaking-3, and-7)
punct(says-13, ,-8)
case(course-10, of-9)
nmod:of(says-13, course-10)
punct(says-13, ,-11)
nsubj(says-13, he-12)
conj:and(speaking-3, says-13)
mark(hate-18, that-14)
nsubj(hate-18, he-15)
nsubj(does-23, he-15)
aux(hate-18, does-16)
neg(hate-18, n't-17)
ccomp(says-13, hate-18)
compound(Museveni-21, President-19)
compound(Museveni-21, Yoweri-20)
dobj(hate-18, Museveni-21)
cc(hate-18, but-22)
ccomp(says-13, does-23)
conj:but(hate-18, does-23)
neg(some-27, not-24)
advmod(some-27, also-25)
case(some-27, like-26)
det:qmod(messages-30, some-27)
mwe(some-27, of-28)
det(messages-30, the-29)
dobj(does-23, messages-30)
case(use-32, in-31)
nmod:in(messages-30, use-32)
case(government-35, by-33)
det(government-35, the-34)
nmod:by(use-32, government-35)
punct(speaking-3, .-36)

Extracted the following NER entity mentions:
President	TITLE
Yoweri Museveni	PERSON
He	PERSON
he	PERSON
he	PERSON

Sentence #9 (28 tokens):
Mr  Joseph  Kony  has  declined  to  disclose  his  team  for  negotiations  with  the  government  although  he  says  that  he  is  that  he  prepared  for  peace  talks."

Tokens:
[Text=Mr CharacterOffsetBegin=1452 CharacterOffsetEnd=1454 PartOfSpeech=NNP Lemma=Mr NamedEntityTag=O]
[Text=Joseph CharacterOffsetBegin=1456 CharacterOffsetEnd=1462 PartOfSpeech=NNP Lemma=Joseph NamedEntityTag=PERSON]
[Text=Kony CharacterOffsetBegin=1464 CharacterOffsetEnd=1468 PartOfSpeech=NNP Lemma=Kony NamedEntityTag=PERSON]
[Text=has CharacterOffsetBegin=1470 CharacterOffsetEnd=1473 PartOfSpeech=VBZ Lemma=have NamedEntityTag=O]
[Text=declined CharacterOffsetBegin=1475 CharacterOffsetEnd=1483 PartOfSpeech=VBN Lemma=decline NamedEntityTag=O]
[Text=to CharacterOffsetBegin=1485 CharacterOffsetEnd=1487 PartOfSpeech=TO Lemma=to NamedEntityTag=O]
[Text=disclose CharacterOffsetBegin=1489 CharacterOffsetEnd=1497 PartOfSpeech=VB Lemma=disclose NamedEntityTag=O]
[Text=his CharacterOffsetBegin=1499 CharacterOffsetEnd=1502 PartOfSpeech=PRP$ Lemma=he NamedEntityTag=O]
[Text=team CharacterOffsetBegin=1504 CharacterOffsetEnd=1508 PartOfSpeech=NN Lemma=team NamedEntityTag=O]
[Text=for CharacterOffsetBegin=1510 CharacterOffsetEnd=1513 PartOfSpeech=IN Lemma=for NamedEntityTag=O]
[Text=negotiations CharacterOffsetBegin=1515 CharacterOffsetEnd=1527 PartOfSpeech=NNS Lemma=negotiation NamedEntityTag=O]
[Text=with CharacterOffsetBegin=1529 CharacterOffsetEnd=1533 PartOfSpeech=IN Lemma=with NamedEntityTag=O]
[Text=the CharacterOffsetBegin=1535 CharacterOffsetEnd=1538 PartOfSpeech=DT Lemma=the NamedEntityTag=O]
[Text=government CharacterOffsetBegin=1540 CharacterOffsetEnd=1550 PartOfSpeech=NN Lemma=government NamedEntityTag=O]
[Text=although CharacterOffsetBegin=1552 CharacterOffsetEnd=1560 PartOfSpeech=IN Lemma=although NamedEntityTag=O]
[Text=he CharacterOffsetBegin=1562 CharacterOffsetEnd=1564 PartOfSpeech=PRP Lemma=he NamedEntityTag=O]
[Text=says CharacterOffsetBegin=1566 CharacterOffsetEnd=1570 PartOfSpeech=VBZ Lemma=say NamedEntityTag=O]
[Text=that CharacterOffsetBegin=1572 CharacterOffsetEnd=1576 PartOfSpeech=IN Lemma=that NamedEntityTag=O]
[Text=he CharacterOffsetBegin=1578 CharacterOffsetEnd=1580 PartOfSpeech=PRP Lemma=he NamedEntityTag=O]
[Text=is CharacterOffsetBegin=1582 CharacterOffsetEnd=1584 PartOfSpeech=VBZ Lemma=be NamedEntityTag=O]
[Text=that CharacterOffsetBegin=1586 CharacterOffsetEnd=1590 PartOfSpeech=IN Lemma=that NamedEntityTag=O]
[Text=he CharacterOffsetBegin=1592 CharacterOffsetEnd=1594 PartOfSpeech=PRP Lemma=he NamedEntityTag=O]
[Text=prepared CharacterOffsetBegin=1596 CharacterOffsetEnd=1604 PartOfSpeech=VBD Lemma=prepare NamedEntityTag=O]
[Text=for CharacterOffsetBegin=1606 CharacterOffsetEnd=1609 PartOfSpeech=IN Lemma=for NamedEntityTag=O]
[Text=peace CharacterOffsetBegin=1611 CharacterOffsetEnd=1616 PartOfSpeech=NN Lemma=peace NamedEntityTag=O]
[Text=talks CharacterOffsetBegin=1618 CharacterOffsetEnd=1623 PartOfSpeech=NNS Lemma=talk NamedEntityTag=O]
[Text=. CharacterOffsetBegin=1623 CharacterOffsetEnd=1624 PartOfSpeech=. Lemma=. NamedEntityTag=O]
[Text='' CharacterOffsetBegin=1624 CharacterOffsetEnd=1625 PartOfSpeech='' Lemma='' NamedEntityTag=O]

Dependency Parse (enhanced plus plus dependencies):
root(ROOT-0, declined-5)
compound(Kony-3, Mr-1)
compound(Kony-3, Joseph-2)
nsubj(declined-5, Kony-3)
nsubj:xsubj(disclose-7, Kony-3)
aux(declined-5, has-4)
mark(disclose-7, to-6)
xcomp(declined-5, disclose-7)
nmod:poss(team-9, his-8)
dobj(disclose-7, team-9)
case(negotiations-11, for-10)
nmod:for(team-9, negotiations-11)
case(government-14, with-12)
det(government-14, the-13)
nmod:with(negotiations-11, government-14)
mark(says-17, although-15)
nsubj(says-17, he-16)
advcl:although(declined-5, says-17)
mark(is-20, that-18)
nsubj(is-20, he-19)
ccomp(says-17, is-20)
mark(prepared-23, that-21)
nsubj(prepared-23, he-22)
ccomp(is-20, prepared-23)
case(talks-26, for-24)
compound(talks-26, peace-25)
nmod:for(prepared-23, talks-26)
punct(declined-5, .-27)
punct(declined-5, ''-28)

Extracted the following NER entity mentions:
Joseph Kony	PERSON
his	PERSON
he	PERSON
he	PERSON
he	PERSON

Sentence #10 (56 tokens):
At  the  end  of  the  programme  the  Radio  Uganda  presenter  said:  "With  that  we  come  to  the  end  of  our  day's  "Newshour" ,  a  special  edition  in  which  we  rebroadcast  the  telephoned  radio  interview  with  the  leader  of  the  LRA ,  Joseph  Kony ,  and  his  commander ,  Vincent  Otti.

Tokens:
[Text=At CharacterOffsetBegin=1627 CharacterOffsetEnd=1629 PartOfSpeech=IN Lemma=at NamedEntityTag=O]
[Text=the CharacterOffsetBegin=1631 CharacterOffsetEnd=1634 PartOfSpeech=DT Lemma=the NamedEntityTag=O]
[Text=end CharacterOffsetBegin=1636 CharacterOffsetEnd=1639 PartOfSpeech=NN Lemma=end NamedEntityTag=O]
[Text=of CharacterOffsetBegin=1641 CharacterOffsetEnd=1643 PartOfSpeech=IN Lemma=of NamedEntityTag=O]
[Text=the CharacterOffsetBegin=1645 CharacterOffsetEnd=1648 PartOfSpeech=DT Lemma=the NamedEntityTag=O]
[Text=programme CharacterOffsetBegin=1650 CharacterOffsetEnd=1659 PartOfSpeech=NN Lemma=programme NamedEntityTag=O]
[Text=the CharacterOffsetBegin=1661 CharacterOffsetEnd=1664 PartOfSpeech=DT Lemma=the NamedEntityTag=O]
[Text=Radio CharacterOffsetBegin=1666 CharacterOffsetEnd=1671 PartOfSpeech=NNP Lemma=Radio NamedEntityTag=O]
[Text=Uganda CharacterOffsetBegin=1673 CharacterOffsetEnd=1679 PartOfSpeech=NNP Lemma=Uganda NamedEntityTag=COUNTRY]
[Text=presenter CharacterOffsetBegin=1681 CharacterOffsetEnd=1690 PartOfSpeech=NN Lemma=presenter NamedEntityTag=TITLE]
[Text=said CharacterOffsetBegin=1692 CharacterOffsetEnd=1696 PartOfSpeech=VBD Lemma=say NamedEntityTag=O]
[Text=: CharacterOffsetBegin=1696 CharacterOffsetEnd=1697 PartOfSpeech=: Lemma=: NamedEntityTag=O]
[Text=`` CharacterOffsetBegin=1699 CharacterOffsetEnd=1700 PartOfSpeech=`` Lemma=`` NamedEntityTag=O]
[Text=With CharacterOffsetBegin=1700 CharacterOffsetEnd=1704 PartOfSpeech=IN Lemma=with NamedEntityTag=O]
[Text=that CharacterOffsetBegin=1706 CharacterOffsetEnd=1710 PartOfSpeech=DT Lemma=that NamedEntityTag=O]
[Text=we CharacterOffsetBegin=1712 CharacterOffsetEnd=1714 PartOfSpeech=PRP Lemma=we NamedEntityTag=O]
[Text=come CharacterOffsetBegin=1716 CharacterOffsetEnd=1720 PartOfSpeech=VBP Lemma=come NamedEntityTag=O]
[Text=to CharacterOffsetBegin=1722 CharacterOffsetEnd=1724 PartOfSpeech=TO Lemma=to NamedEntityTag=O]
[Text=the CharacterOffsetBegin=1726 CharacterOffsetEnd=1729 PartOfSpeech=DT Lemma=the NamedEntityTag=O]
[Text=end CharacterOffsetBegin=1731 CharacterOffsetEnd=1734 PartOfSpeech=NN Lemma=end NamedEntityTag=O]
[Text=of CharacterOffsetBegin=1736 CharacterOffsetEnd=1738 PartOfSpeech=IN Lemma=of NamedEntityTag=O]
[Text=our CharacterOffsetBegin=1740 CharacterOffsetEnd=1743 PartOfSpeech=PRP$ Lemma=we NamedEntityTag=O]
[Text=day CharacterOffsetBegin=1745 CharacterOffsetEnd=1748 PartOfSpeech=NN Lemma=day NamedEntityTag=DURATION NormalizedNamedEntityTag=P1D Timex=<TIMEX3 tid="t5" type="DURATION" value="P1D">day</TIMEX3>]
[Text='s CharacterOffsetBegin=1748 CharacterOffsetEnd=1750 PartOfSpeech=POS Lemma='s NamedEntityTag=O]
[Text=`` CharacterOffsetBegin=1752 CharacterOffsetEnd=1753 PartOfSpeech=`` Lemma=`` NamedEntityTag=O]
[Text=Newshour CharacterOffsetBegin=1753 CharacterOffsetEnd=1761 PartOfSpeech=NNP Lemma=Newshour NamedEntityTag=MISC]
[Text='' CharacterOffsetBegin=1761 CharacterOffsetEnd=1762 PartOfSpeech='' Lemma='' NamedEntityTag=O]
[Text=, CharacterOffsetBegin=1763 CharacterOffsetEnd=1764 PartOfSpeech=, Lemma=, NamedEntityTag=O]
[Text=a CharacterOffsetBegin=1766 CharacterOffsetEnd=1767 PartOfSpeech=DT Lemma=a NamedEntityTag=O]
[Text=special CharacterOffsetBegin=1769 CharacterOffsetEnd=1776 PartOfSpeech=JJ Lemma=special NamedEntityTag=O]
[Text=edition CharacterOffsetBegin=1778 CharacterOffsetEnd=1785 PartOfSpeech=NN Lemma=edition NamedEntityTag=O]
[Text=in CharacterOffsetBegin=1787 CharacterOffsetEnd=1789 PartOfSpeech=IN Lemma=in NamedEntityTag=O]
[Text=which CharacterOffsetBegin=1791 CharacterOffsetEnd=1796 PartOfSpeech=WDT Lemma=which NamedEntityTag=O]
[Text=we CharacterOffsetBegin=1798 CharacterOffsetEnd=1800 PartOfSpeech=PRP Lemma=we NamedEntityTag=O]
[Text=rebroadcast CharacterOffsetBegin=1802 CharacterOffsetEnd=1813 PartOfSpeech=VBP Lemma=rebroadcast NamedEntityTag=O]
[Text=the CharacterOffsetBegin=1815 CharacterOffsetEnd=1818 PartOfSpeech=DT Lemma=the NamedEntityTag=O]
[Text=telephoned CharacterOffsetBegin=1820 CharacterOffsetEnd=1830 PartOfSpeech=VBN Lemma=telephone NamedEntityTag=O]
[Text=radio CharacterOffsetBegin=1832 CharacterOffsetEnd=1837 PartOfSpeech=NN Lemma=radio NamedEntityTag=O]
[Text=interview CharacterOffsetBegin=1839 CharacterOffsetEnd=1848 PartOfSpeech=NN Lemma=interview NamedEntityTag=O]
[Text=with CharacterOffsetBegin=1850 CharacterOffsetEnd=1854 PartOfSpeech=IN Lemma=with NamedEntityTag=O]
[Text=the CharacterOffsetBegin=1856 CharacterOffsetEnd=1859 PartOfSpeech=DT Lemma=the NamedEntityTag=O]
[Text=leader CharacterOffsetBegin=1861 CharacterOffsetEnd=1867 PartOfSpeech=NN Lemma=leader NamedEntityTag=TITLE]
[Text=of CharacterOffsetBegin=1869 CharacterOffsetEnd=1871 PartOfSpeech=IN Lemma=of NamedEntityTag=O]
[Text=the CharacterOffsetBegin=1873 CharacterOffsetEnd=1876 PartOfSpeech=DT Lemma=the NamedEntityTag=O]
[Text=LRA CharacterOffsetBegin=1878 CharacterOffsetEnd=1881 PartOfSpeech=NNP Lemma=LRA NamedEntityTag=ORGANIZATION]
[Text=, CharacterOffsetBegin=1882 CharacterOffsetEnd=1883 PartOfSpeech=, Lemma=, NamedEntityTag=O]
[Text=Joseph CharacterOffsetBegin=1885 CharacterOffsetEnd=1891 PartOfSpeech=NNP Lemma=Joseph NamedEntityTag=PERSON]
[Text=Kony CharacterOffsetBegin=1893 CharacterOffsetEnd=1897 PartOfSpeech=NNP Lemma=Kony NamedEntityTag=PERSON]
[Text=, CharacterOffsetBegin=1898 CharacterOffsetEnd=1899 PartOfSpeech=, Lemma=, NamedEntityTag=O]
[Text=and CharacterOffsetBegin=1901 CharacterOffsetEnd=1904 PartOfSpeech=CC Lemma=and NamedEntityTag=O]
[Text=his CharacterOffsetBegin=1906 CharacterOffsetEnd=1909 PartOfSpeech=PRP$ Lemma=he NamedEntityTag=O]
[Text=commander CharacterOffsetBegin=1911 CharacterOffsetEnd=1920 PartOfSpeech=NN Lemma=commander NamedEntityTag=TITLE]
[Text=, CharacterOffsetBegin=1921 CharacterOffsetEnd=1922 PartOfSpeech=, Lemma=, NamedEntityTag=O]
[Text=Vincent CharacterOffsetBegin=1924 CharacterOffsetEnd=1931 PartOfSpeech=NNP Lemma=Vincent NamedEntityTag=PERSON]
[Text=Otti CharacterOffsetBegin=1933 CharacterOffsetEnd=1937 PartOfSpeech=NNP Lemma=Otti NamedEntityTag=PERSON]
[Text=. CharacterOffsetBegin=1937 CharacterOffsetEnd=1938 PartOfSpeech=. Lemma=. NamedEntityTag=O]

Dependency Parse (enhanced plus plus dependencies):
root(ROOT-0, said-11)
case(end-3, At-1)
det(end-3, the-2)
nmod:at(said-11, end-3)
case(programme-6, of-4)
det(programme-6, the-5)
nmod:of(end-3, programme-6)
det(presenter-10, the-7)
compound(presenter-10, Radio-8)
compound(presenter-10, Uganda-9)
nsubj(said-11, presenter-10)
punct(said-11, :-12)
punct(said-11, ``-13)
case(that-15, With-14)
nmod:with(come-17, that-15)
nsubj(come-17, we-16)
ccomp(said-11, come-17)
case(end-20, to-18)
det(end-20, the-19)
nmod:to(come-17, end-20)
case(Newshour-26, of-21)
nmod:poss(day-23, our-22)
nmod:poss(Newshour-26, day-23)
case(day-23, 's-24)
punct(Newshour-26, ``-25)
nmod:of(end-20, Newshour-26)
punct(Newshour-26, ''-27)
punct(Newshour-26, ,-28)
det(edition-31, a-29)
amod(edition-31, special-30)
appos(Newshour-26, edition-31)
nmod:in(rebroadcast-35, edition-31)
case(which-33, in-32)
ref(edition-31, which-33)
nsubj(rebroadcast-35, we-34)
acl:relcl(edition-31, rebroadcast-35)
det(interview-39, the-36)
amod(interview-39, telephoned-37)
compound(interview-39, radio-38)
dobj(rebroadcast-35, interview-39)
case(leader-42, with-40)
det(leader-42, the-41)
nmod:with(interview-39, leader-42)
case(LRA-45, of-43)
det(LRA-45, the-44)
nmod:of(leader-42, LRA-45)
punct(LRA-45, ,-46)
compound(Kony-48, Joseph-47)
appos(LRA-45, Kony-48)
punct(LRA-45, ,-49)
cc(leader-42, and-50)
nmod:poss(commander-52, his-51)
nmod:with(interview-39, commander-52)
conj:and(leader-42, commander-52)
punct(commander-52, ,-53)
compound(Otti-55, Vincent-54)
appos(commander-52, Otti-55)
punct(said-11, .-56)

Extracted the following NER entity mentions:
Uganda	COUNTRY
presenter	TITLE
day	DURATION
Newshour	MISC
leader	TITLE
LRA	ORGANIZATION
Joseph Kony	PERSON
commander	TITLE
Vincent Otti	PERSON
his	PERSON

Sentence #11 (42 tokens):
Kony  spoke  a  lot  of  peace  but  in  summary  he  said  he  is  prepared  for  peace  talks ,  although  he  declined  to  name  his  negotiating  team  that  would  meet  the  team  already  established  by  the  government  of  the  Republic  of  Uganda.

Tokens:
[Text=Kony CharacterOffsetBegin=1940 CharacterOffsetEnd=1944 PartOfSpeech=NNP Lemma=Kony NamedEntityTag=PERSON]
[Text=spoke CharacterOffsetBegin=1946 CharacterOffsetEnd=1951 PartOfSpeech=VBD Lemma=speak NamedEntityTag=O]
[Text=a CharacterOffsetBegin=1953 CharacterOffsetEnd=1954 PartOfSpeech=DT Lemma=a NamedEntityTag=O]
[Text=lot CharacterOffsetBegin=1956 CharacterOffsetEnd=1959 PartOfSpeech=NN Lemma=lot NamedEntityTag=O]
[Text=of CharacterOffsetBegin=1961 CharacterOffsetEnd=1963 PartOfSpeech=IN Lemma=of NamedEntityTag=O]
[Text=peace CharacterOffsetBegin=1965 CharacterOffsetEnd=1970 PartOfSpeech=NN Lemma=peace NamedEntityTag=O]
[Text=but CharacterOffsetBegin=1972 CharacterOffsetEnd=1975 PartOfSpeech=CC Lemma=but NamedEntityTag=O]
[Text=in CharacterOffsetBegin=1977 CharacterOffsetEnd=1979 PartOfSpeech=IN Lemma=in NamedEntityTag=O]
[Text=summary CharacterOffsetBegin=1981 CharacterOffsetEnd=1988 PartOfSpeech=NN Lemma=summary NamedEntityTag=O]
[Text=he CharacterOffsetBegin=1990 CharacterOffsetEnd=1992 PartOfSpeech=PRP Lemma=he NamedEntityTag=O]
[Text=said CharacterOffsetBegin=1994 CharacterOffsetEnd=1998 PartOfSpeech=VBD Lemma=say NamedEntityTag=O]
[Text=he CharacterOffsetBegin=2000 CharacterOffsetEnd=2002 PartOfSpeech=PRP Lemma=he NamedEntityTag=O]
[Text=is CharacterOffsetBegin=2004 CharacterOffsetEnd=2006 PartOfSpeech=VBZ Lemma=be NamedEntityTag=O]
[Text=prepared CharacterOffsetBegin=2008 CharacterOffsetEnd=2016 PartOfSpeech=VBN Lemma=prepare NamedEntityTag=O]
[Text=for CharacterOffsetBegin=2018 CharacterOffsetEnd=2021 PartOfSpeech=IN Lemma=for NamedEntityTag=O]
[Text=peace CharacterOffsetBegin=2023 CharacterOffsetEnd=2028 PartOfSpeech=NN Lemma=peace NamedEntityTag=O]
[Text=talks CharacterOffsetBegin=2030 CharacterOffsetEnd=2035 PartOfSpeech=NNS Lemma=talk NamedEntityTag=O]
[Text=, CharacterOffsetBegin=2036 CharacterOffsetEnd=2037 PartOfSpeech=, Lemma=, NamedEntityTag=O]
[Text=although CharacterOffsetBegin=2039 CharacterOffsetEnd=2047 PartOfSpeech=IN Lemma=although NamedEntityTag=O]
[Text=he CharacterOffsetBegin=2049 CharacterOffsetEnd=2051 PartOfSpeech=PRP Lemma=he NamedEntityTag=O]
[Text=declined CharacterOffsetBegin=2053 CharacterOffsetEnd=2061 PartOfSpeech=VBD Lemma=decline NamedEntityTag=O]
[Text=to CharacterOffsetBegin=2063 CharacterOffsetEnd=2065 PartOfSpeech=TO Lemma=to NamedEntityTag=O]
[Text=name CharacterOffsetBegin=2067 CharacterOffsetEnd=2071 PartOfSpeech=VB Lemma=name NamedEntityTag=O]
[Text=his CharacterOffsetBegin=2073 CharacterOffsetEnd=2076 PartOfSpeech=PRP$ Lemma=he NamedEntityTag=O]
[Text=negotiating CharacterOffsetBegin=2078 CharacterOffsetEnd=2089 PartOfSpeech=VBG Lemma=negotiate NamedEntityTag=O]
[Text=team CharacterOffsetBegin=2091 CharacterOffsetEnd=2095 PartOfSpeech=NN Lemma=team NamedEntityTag=O]
[Text=that CharacterOffsetBegin=2097 CharacterOffsetEnd=2101 PartOfSpeech=WDT Lemma=that NamedEntityTag=O]
[Text=would CharacterOffsetBegin=2103 CharacterOffsetEnd=2108 PartOfSpeech=MD Lemma=would NamedEntityTag=O]
[Text=meet CharacterOffsetBegin=2110 CharacterOffsetEnd=2114 PartOfSpeech=VB Lemma=meet NamedEntityTag=O]
[Text=the CharacterOffsetBegin=2116 CharacterOffsetEnd=2119 PartOfSpeech=DT Lemma=the NamedEntityTag=O]
[Text=team CharacterOffsetBegin=2121 CharacterOffsetEnd=2125 PartOfSpeech=NN Lemma=team NamedEntityTag=O]
[Text=already CharacterOffsetBegin=2127 CharacterOffsetEnd=2134 PartOfSpeech=RB Lemma=already NamedEntityTag=O]
[Text=established CharacterOffsetBegin=2136 CharacterOffsetEnd=2147 PartOfSpeech=VBN Lemma=establish NamedEntityTag=O]
[Text=by CharacterOffsetBegin=2149 CharacterOffsetEnd=2151 PartOfSpeech=IN Lemma=by NamedEntityTag=O]
[Text=the CharacterOffsetBegin=2153 CharacterOffsetEnd=2156 PartOfSpeech=DT Lemma=the NamedEntityTag=O]
[Text=government CharacterOffsetBegin=2158 CharacterOffsetEnd=2168 PartOfSpeech=NN Lemma=government NamedEntityTag=O]
[Text=of CharacterOffsetBegin=2170 CharacterOffsetEnd=2172 PartOfSpeech=IN Lemma=of NamedEntityTag=O]
[Text=the CharacterOffsetBegin=2174 CharacterOffsetEnd=2177 PartOfSpeech=DT Lemma=the NamedEntityTag=O]
[Text=Republic CharacterOffsetBegin=2179 CharacterOffsetEnd=2187 PartOfSpeech=NN Lemma=republic NamedEntityTag=LOCATION]
[Text=of CharacterOffsetBegin=2189 CharacterOffsetEnd=2191 PartOfSpeech=IN Lemma=of NamedEntityTag=LOCATION]
[Text=Uganda CharacterOffsetBegin=2193 CharacterOffsetEnd=2199 PartOfSpeech=NNP Lemma=Uganda NamedEntityTag=COUNTRY]
[Text=. CharacterOffsetBegin=2199 CharacterOffsetEnd=2200 PartOfSpeech=. Lemma=. NamedEntityTag=O]

Dependency Parse (enhanced plus plus dependencies):
root(ROOT-0, spoke-2)
nsubj(spoke-2, Kony-1)
det:qmod(peace-6, a-3)
mwe(a-3, lot-4)
mwe(a-3, of-5)
dobj(spoke-2, peace-6)
cc(spoke-2, but-7)
case(summary-9, in-8)
nmod:in(said-11, summary-9)
nsubj(said-11, he-10)
conj:but(spoke-2, said-11)
nsubjpass(prepared-14, he-12)
auxpass(prepared-14, is-13)
ccomp(said-11, prepared-14)
case(talks-17, for-15)
compound(talks-17, peace-16)
nmod:for(prepared-14, talks-17)
punct(spoke-2, ,-18)
mark(declined-21, although-19)
nsubj(declined-21, he-20)
nsubj:xsubj(name-23, he-20)
advcl:although(spoke-2, declined-21)
mark(name-23, to-22)
xcomp(declined-21, name-23)
nmod:poss(team-26, his-24)
amod(team-26, negotiating-25)
dobj(name-23, team-26)
nsubj(meet-29, team-26)
ref(team-26, that-27)
aux(meet-29, would-28)
acl:relcl(team-26, meet-29)
det(team-31, the-30)
dobj(meet-29, team-31)
advmod(established-33, already-32)
acl(team-31, established-33)
case(government-36, by-34)
det(government-36, the-35)
nmod:by(established-33, government-36)
case(Republic-39, of-37)
det(Republic-39, the-38)
nmod:of(government-36, Republic-39)
case(Uganda-41, of-40)
nmod:of(Republic-39, Uganda-41)
punct(spoke-2, .-42)

Extracted the following NER entity mentions:
Kony	PERSON
Republic of	LOCATION
Uganda	COUNTRY
he	PERSON
he	PERSON
he	PERSON
his	PERSON

Sentence #12 (53 tokens):
"Joseph  Kony  also  declined  to  say  where  he  was  speaking  from  but  he  said  he  was  on  satellite  phone  and  announced  that  soon  after  the  interview  he  would  throw  away  the  phone  so  that  he  does  not  that  fear  word  indistinct  to  be  captured  by  the  Uganda  People's  Defence  Forces.

Tokens:
[Text=`` CharacterOffsetBegin=2202 CharacterOffsetEnd=2203 PartOfSpeech=`` Lemma=`` NamedEntityTag=O]
[Text=Joseph CharacterOffsetBegin=2203 CharacterOffsetEnd=2209 PartOfSpeech=NNP Lemma=Joseph NamedEntityTag=PERSON]
[Text=Kony CharacterOffsetBegin=2211 CharacterOffsetEnd=2215 PartOfSpeech=NNP Lemma=Kony NamedEntityTag=PERSON]
[Text=also CharacterOffsetBegin=2217 CharacterOffsetEnd=2221 PartOfSpeech=RB Lemma=also NamedEntityTag=O]
[Text=declined CharacterOffsetBegin=2223 CharacterOffsetEnd=2231 PartOfSpeech=VBD Lemma=decline NamedEntityTag=O]
[Text=to CharacterOffsetBegin=2233 CharacterOffsetEnd=2235 PartOfSpeech=TO Lemma=to NamedEntityTag=O]
[Text=say CharacterOffsetBegin=2237 CharacterOffsetEnd=2240 PartOfSpeech=VB Lemma=say NamedEntityTag=O]
[Text=where CharacterOffsetBegin=2242 CharacterOffsetEnd=2247 PartOfSpeech=WRB Lemma=where NamedEntityTag=O]
[Text=he CharacterOffsetBegin=2249 CharacterOffsetEnd=2251 PartOfSpeech=PRP Lemma=he NamedEntityTag=O]
[Text=was CharacterOffsetBegin=2253 CharacterOffsetEnd=2256 PartOfSpeech=VBD Lemma=be NamedEntityTag=O]
[Text=speaking CharacterOffsetBegin=2258 CharacterOffsetEnd=2266 PartOfSpeech=VBG Lemma=speak NamedEntityTag=O]
[Text=from CharacterOffsetBegin=2268 CharacterOffsetEnd=2272 PartOfSpeech=IN Lemma=from NamedEntityTag=O]
[Text=but CharacterOffsetBegin=2274 CharacterOffsetEnd=2277 PartOfSpeech=CC Lemma=but NamedEntityTag=O]
[Text=he CharacterOffsetBegin=2279 CharacterOffsetEnd=2281 PartOfSpeech=PRP Lemma=he NamedEntityTag=O]
[Text=said CharacterOffsetBegin=2283 CharacterOffsetEnd=2287 PartOfSpeech=VBD Lemma=say NamedEntityTag=O]
[Text=he CharacterOffsetBegin=2289 CharacterOffsetEnd=2291 PartOfSpeech=PRP Lemma=he NamedEntityTag=O]
[Text=was CharacterOffsetBegin=2293 CharacterOffsetEnd=2296 PartOfSpeech=VBD Lemma=be NamedEntityTag=O]
[Text=on CharacterOffsetBegin=2298 CharacterOffsetEnd=2300 PartOfSpeech=IN Lemma=on NamedEntityTag=O]
[Text=satellite CharacterOffsetBegin=2302 CharacterOffsetEnd=2311 PartOfSpeech=NN Lemma=satellite NamedEntityTag=O]
[Text=phone CharacterOffsetBegin=2313 CharacterOffsetEnd=2318 PartOfSpeech=NN Lemma=phone NamedEntityTag=O]
[Text=and CharacterOffsetBegin=2320 CharacterOffsetEnd=2323 PartOfSpeech=CC Lemma=and NamedEntityTag=O]
[Text=announced CharacterOffsetBegin=2325 CharacterOffsetEnd=2334 PartOfSpeech=VBD Lemma=announce NamedEntityTag=O]
[Text=that CharacterOffsetBegin=2336 CharacterOffsetEnd=2340 PartOfSpeech=IN Lemma=that NamedEntityTag=O]
[Text=soon CharacterOffsetBegin=2342 CharacterOffsetEnd=2346 PartOfSpeech=RB Lemma=soon NamedEntityTag=O]
[Text=after CharacterOffsetBegin=2348 CharacterOffsetEnd=2353 PartOfSpeech=IN Lemma=after NamedEntityTag=O]
[Text=the CharacterOffsetBegin=2355 CharacterOffsetEnd=2358 PartOfSpeech=DT Lemma=the NamedEntityTag=O]
[Text=interview CharacterOffsetBegin=2360 CharacterOffsetEnd=2369 PartOfSpeech=NN Lemma=interview NamedEntityTag=O]
[Text=he CharacterOffsetBegin=2371 CharacterOffsetEnd=2373 PartOfSpeech=PRP Lemma=he NamedEntityTag=O]
[Text=would CharacterOffsetBegin=2375 CharacterOffsetEnd=2380 PartOfSpeech=MD Lemma=would NamedEntityTag=O]
[Text=throw CharacterOffsetBegin=2382 CharacterOffsetEnd=2387 PartOfSpeech=VB Lemma=throw NamedEntityTag=O]
[Text=away CharacterOffsetBegin=2389 CharacterOffsetEnd=2393 PartOfSpeech=RP Lemma=away NamedEntityTag=O]
[Text=the CharacterOffsetBegin=2395 CharacterOffsetEnd=2398 PartOfSpeech=DT Lemma=the NamedEntityTag=O]
[Text=phone CharacterOffsetBegin=2400 CharacterOffsetEnd=2405 PartOfSpeech=NN Lemma=phone NamedEntityTag=O]
[Text=so CharacterOffsetBegin=2407 CharacterOffsetEnd=2409 PartOfSpeech=IN Lemma=so NamedEntityTag=O]
[Text=that CharacterOffsetBegin=2411 CharacterOffsetEnd=2415 PartOfSpeech=IN Lemma=that NamedEntityTag=O]
[Text=he CharacterOffsetBegin=2417 CharacterOffsetEnd=2419 PartOfSpeech=PRP Lemma=he NamedEntityTag=O]
[Text=does CharacterOffsetBegin=2421 CharacterOffsetEnd=2425 PartOfSpeech=VBZ Lemma=do NamedEntityTag=O]
[Text=not CharacterOffsetBegin=2427 CharacterOffsetEnd=2430 PartOfSpeech=RB Lemma=not NamedEntityTag=O]
[Text=that CharacterOffsetBegin=2432 CharacterOffsetEnd=2436 PartOfSpeech=IN Lemma=that NamedEntityTag=O]
[Text=fear CharacterOffsetBegin=2438 CharacterOffsetEnd=2442 PartOfSpeech=NN Lemma=fear NamedEntityTag=O]
[Text=word CharacterOffsetBegin=2444 CharacterOffsetEnd=2448 PartOfSpeech=NN Lemma=word NamedEntityTag=O]
[Text=indistinct CharacterOffsetBegin=2450 CharacterOffsetEnd=2460 PartOfSpeech=JJ Lemma=indistinct NamedEntityTag=O]
[Text=to CharacterOffsetBegin=2462 CharacterOffsetEnd=2464 PartOfSpeech=TO Lemma=to NamedEntityTag=O]
[Text=be CharacterOffsetBegin=2466 CharacterOffsetEnd=2468 PartOfSpeech=VB Lemma=be NamedEntityTag=O]
[Text=captured CharacterOffsetBegin=2470 CharacterOffsetEnd=2478 PartOfSpeech=VBN Lemma=capture NamedEntityTag=O]
[Text=by CharacterOffsetBegin=2480 CharacterOffsetEnd=2482 PartOfSpeech=IN Lemma=by NamedEntityTag=O]
[Text=the CharacterOffsetBegin=2484 CharacterOffsetEnd=2487 PartOfSpeech=DT Lemma=the NamedEntityTag=O]
[Text=Uganda CharacterOffsetBegin=2489 CharacterOffsetEnd=2495 PartOfSpeech=NNP Lemma=Uganda NamedEntityTag=ORGANIZATION]
[Text=People CharacterOffsetBegin=2497 CharacterOffsetEnd=2503 PartOfSpeech=NNPS Lemma=People NamedEntityTag=ORGANIZATION]
[Text='s CharacterOffsetBegin=2503 CharacterOffsetEnd=2505 PartOfSpeech=POS Lemma='s NamedEntityTag=ORGANIZATION]
[Text=Defence CharacterOffsetBegin=2507 CharacterOffsetEnd=2514 PartOfSpeech=NN Lemma=defence NamedEntityTag=ORGANIZATION]
[Text=Forces CharacterOffsetBegin=2516 CharacterOffsetEnd=2522 PartOfSpeech=NNS Lemma=force NamedEntityTag=ORGANIZATION]
[Text=. CharacterOffsetBegin=2522 CharacterOffsetEnd=2523 PartOfSpeech=. Lemma=. NamedEntityTag=O]

Dependency Parse (enhanced plus plus dependencies):
root(ROOT-0, ``-1)
compound(Kony-3, Joseph-2)
nsubj(declined-5, Kony-3)
nsubj:xsubj(say-7, Kony-3)
advmod(declined-5, also-4)
root(``-1, declined-5)
mark(say-7, to-6)
xcomp(declined-5, say-7)
advmod(speaking-11, where-8)
nsubj(speaking-11, he-9)
aux(speaking-11, was-10)
advcl(say-7, speaking-11)
nmod(speaking-11, from-12)
cc(speaking-11, but-13)
nsubj(said-15, he-14)
nsubj(announced-22, he-14)
advcl(say-7, said-15)
conj:but(speaking-11, said-15)
nsubj(phone-20, he-16)
cop(phone-20, was-17)
case(phone-20, on-18)
compound(phone-20, satellite-19)
ccomp(said-15, phone-20)
cc(said-15, and-21)
conj:but(speaking-11, announced-22)
conj:and(said-15, announced-22)
mark(throw-30, that-23)
advmod(interview-27, soon-24)
case(interview-27, after-25)
det(interview-27, the-26)
nmod:after(throw-30, interview-27)
nsubj(throw-30, he-28)
aux(throw-30, would-29)
ccomp(announced-22, throw-30)
compound:prt(throw-30, away-31)
det(phone-33, the-32)
dobj(throw-30, phone-33)
mark(does-37, so-34)
mwe(so-34, that-35)
nsubj(does-37, he-36)
advcl:so_that(throw-30, does-37)
neg(does-37, not-38)
dep(not-38, that-39)
dep(that-39, fear-40)
dep(fear-40, word-41)
amod(word-41, indistinct-42)
mark(captured-45, to-43)
auxpass(captured-45, be-44)
xcomp(indistinct-42, captured-45)
case(Forces-52, by-46)
det(People-49, the-47)
compound(People-49, Uganda-48)
nmod:poss(Forces-52, People-49)
case(People-49, 's-50)
compound(Forces-52, Defence-51)
nmod:agent(captured-45, Forces-52)
punct(declined-5, .-53)

Extracted the following NER entity mentions:
Joseph Kony	PERSON
Uganda People's Defence Forces	ORGANIZATION
he	PERSON
he	PERSON
he	PERSON
he	PERSON
he	PERSON

Sentence #13 (37 tokens):
"Answering  a  question  posed  from  the  Mega  FM  studio  by  the  Gulu  RDC  Resident  Commissioner  Max  Omeda  on  what  he  wants ,  Joseph  Kony  said  that  he  wants  to  be  the  president  of  Uganda?  "

Tokens:
[Text=`` CharacterOffsetBegin=2525 CharacterOffsetEnd=2526 PartOfSpeech=`` Lemma=`` NamedEntityTag=O]
[Text=Answering CharacterOffsetBegin=2526 CharacterOffsetEnd=2535 PartOfSpeech=VBG Lemma=answer NamedEntityTag=O]
[Text=a CharacterOffsetBegin=2537 CharacterOffsetEnd=2538 PartOfSpeech=DT Lemma=a NamedEntityTag=O]
[Text=question CharacterOffsetBegin=2540 CharacterOffsetEnd=2548 PartOfSpeech=NN Lemma=question NamedEntityTag=O]
[Text=posed CharacterOffsetBegin=2550 CharacterOffsetEnd=2555 PartOfSpeech=VBD Lemma=pose NamedEntityTag=O]
[Text=from CharacterOffsetBegin=2557 CharacterOffsetEnd=2561 PartOfSpeech=IN Lemma=from NamedEntityTag=O]
[Text=the CharacterOffsetBegin=2563 CharacterOffsetEnd=2566 PartOfSpeech=DT Lemma=the NamedEntityTag=O]
[Text=Mega CharacterOffsetBegin=2568 CharacterOffsetEnd=2572 PartOfSpeech=JJ Lemma=mega NamedEntityTag=O]
[Text=FM CharacterOffsetBegin=2574 CharacterOffsetEnd=2576 PartOfSpeech=NNP Lemma=FM NamedEntityTag=O]
[Text=studio CharacterOffsetBegin=2578 CharacterOffsetEnd=2584 PartOfSpeech=NN Lemma=studio NamedEntityTag=O]
[Text=by CharacterOffsetBegin=2586 CharacterOffsetEnd=2588 PartOfSpeech=IN Lemma=by NamedEntityTag=O]
[Text=the CharacterOffsetBegin=2590 CharacterOffsetEnd=2593 PartOfSpeech=DT Lemma=the NamedEntityTag=O]
[Text=Gulu CharacterOffsetBegin=2595 CharacterOffsetEnd=2599 PartOfSpeech=NNP Lemma=Gulu NamedEntityTag=CITY]
[Text=RDC CharacterOffsetBegin=2601 CharacterOffsetEnd=2604 PartOfSpeech=NNP Lemma=RDC NamedEntityTag=O]
[Text=Resident CharacterOffsetBegin=2606 CharacterOffsetEnd=2614 PartOfSpeech=NNP Lemma=Resident NamedEntityTag=O]
[Text=Commissioner CharacterOffsetBegin=2616 CharacterOffsetEnd=2628 PartOfSpeech=NNP Lemma=Commissioner NamedEntityTag=O]
[Text=Max CharacterOffsetBegin=2630 CharacterOffsetEnd=2633 PartOfSpeech=NNP Lemma=Max NamedEntityTag=PERSON]
[Text=Omeda CharacterOffsetBegin=2635 CharacterOffsetEnd=2640 PartOfSpeech=NNP Lemma=Omeda NamedEntityTag=PERSON]
[Text=on CharacterOffsetBegin=2642 CharacterOffsetEnd=2644 PartOfSpeech=IN Lemma=on NamedEntityTag=O]
[Text=what CharacterOffsetBegin=2646 CharacterOffsetEnd=2650 PartOfSpeech=WP Lemma=what NamedEntityTag=O]
[Text=he CharacterOffsetBegin=2652 CharacterOffsetEnd=2654 PartOfSpeech=PRP Lemma=he NamedEntityTag=O]
[Text=wants CharacterOffsetBegin=2656 CharacterOffsetEnd=2661 PartOfSpeech=VBZ Lemma=want NamedEntityTag=O]
[Text=, CharacterOffsetBegin=2662 CharacterOffsetEnd=2663 PartOfSpeech=, Lemma=, NamedEntityTag=O]
[Text=Joseph CharacterOffsetBegin=2665 CharacterOffsetEnd=2671 PartOfSpeech=NNP Lemma=Joseph NamedEntityTag=PERSON]
[Text=Kony CharacterOffsetBegin=2673 CharacterOffsetEnd=2677 PartOfSpeech=NNP Lemma=Kony NamedEntityTag=PERSON]
[Text=said CharacterOffsetBegin=2679 CharacterOffsetEnd=2683 PartOfSpeech=VBD Lemma=say NamedEntityTag=O]
[Text=that CharacterOffsetBegin=2685 CharacterOffsetEnd=2689 PartOfSpeech=IN Lemma=that NamedEntityTag=O]
[Text=he CharacterOffsetBegin=2691 CharacterOffsetEnd=2693 PartOfSpeech=PRP Lemma=he NamedEntityTag=O]
[Text=wants CharacterOffsetBegin=2695 CharacterOffsetEnd=2700 PartOfSpeech=VBZ Lemma=want NamedEntityTag=O]
[Text=to CharacterOffsetBegin=2702 CharacterOffsetEnd=2704 PartOfSpeech=TO Lemma=to NamedEntityTag=O]
[Text=be CharacterOffsetBegin=2706 CharacterOffsetEnd=2708 PartOfSpeech=VB Lemma=be NamedEntityTag=O]
[Text=the CharacterOffsetBegin=2710 CharacterOffsetEnd=2713 PartOfSpeech=DT Lemma=the NamedEntityTag=O]
[Text=president CharacterOffsetBegin=2715 CharacterOffsetEnd=2724 PartOfSpeech=NN Lemma=president NamedEntityTag=TITLE]
[Text=of CharacterOffsetBegin=2726 CharacterOffsetEnd=2728 PartOfSpeech=IN Lemma=of NamedEntityTag=O]
[Text=Uganda CharacterOffsetBegin=2730 CharacterOffsetEnd=2736 PartOfSpeech=NNP Lemma=Uganda NamedEntityTag=COUNTRY]
[Text=? CharacterOffsetBegin=2736 CharacterOffsetEnd=2737 PartOfSpeech=. Lemma=? NamedEntityTag=O]
[Text='' CharacterOffsetBegin=2739 CharacterOffsetEnd=2740 PartOfSpeech='' Lemma='' NamedEntityTag=O]

Dependency Parse (enhanced plus plus dependencies):
root(ROOT-0, ``-1)
root(``-1, Answering-2)
det(question-4, a-3)
nsubj(said-26, question-4)
dep(said-26, posed-5)
case(studio-10, from-6)
det(studio-10, the-7)
amod(studio-10, Mega-8)
compound(studio-10, FM-9)
nmod:from(posed-5, studio-10)
case(Omeda-18, by-11)
det(Omeda-18, the-12)
compound(Omeda-18, Gulu-13)
compound(Omeda-18, RDC-14)
compound(Omeda-18, Resident-15)
compound(Omeda-18, Commissioner-16)
compound(Omeda-18, Max-17)
nmod:by(posed-5, Omeda-18)
mark(wants-22, on-19)
dobj(wants-22, what-20)
nsubj(wants-22, he-21)
advcl:on(said-26, wants-22)
punct(said-26, ,-23)
compound(Kony-25, Joseph-24)
nsubj(said-26, Kony-25)
ccomp(Answering-2, said-26)
mark(wants-29, that-27)
nsubj(wants-29, he-28)
nsubj:xsubj(president-33, he-28)
ccomp(said-26, wants-29)
mark(president-33, to-30)
cop(president-33, be-31)
det(president-33, the-32)
xcomp(wants-29, president-33)
case(Uganda-35, of-34)
nmod:of(president-33, Uganda-35)
punct(Answering-2, ?-36)
punct(Answering-2, ''-37)

Extracted the following NER entity mentions:
Gulu	CITY
Max Omeda	PERSON
Joseph Kony	PERSON
president	TITLE
Uganda	COUNTRY
he	PERSON
he	PERSON

Sentence #14 (66 tokens):
Asked  by  the  UPDF  4th  Division  spokesman ,  Paddy  Ankunda  who  was  also  in  the  studio   ,  as  to  why  they  the  LRA  have  continued  to  abduct  children  and  also  hit  at  buses  on  the  way  to  Gulu ,  Kitgum  and  Pader ,  Joseph  Kony  said  that  this  is  not  being  done  by  them  and  he  claimed  that  this  is  the  work  of  the  UPDF.

Tokens:
[Text=Asked CharacterOffsetBegin=2742 CharacterOffsetEnd=2747 PartOfSpeech=VBN Lemma=ask NamedEntityTag=O]
[Text=by CharacterOffsetBegin=2749 CharacterOffsetEnd=2751 PartOfSpeech=IN Lemma=by NamedEntityTag=O]
[Text=the CharacterOffsetBegin=2753 CharacterOffsetEnd=2756 PartOfSpeech=DT Lemma=the NamedEntityTag=O]
[Text=UPDF CharacterOffsetBegin=2758 CharacterOffsetEnd=2762 PartOfSpeech=NNP Lemma=UPDF NamedEntityTag=ORGANIZATION]
[Text=4th CharacterOffsetBegin=2764 CharacterOffsetEnd=2767 PartOfSpeech=JJ Lemma=4th NamedEntityTag=ORDINAL NormalizedNamedEntityTag=4.0]
[Text=Division CharacterOffsetBegin=2769 CharacterOffsetEnd=2777 PartOfSpeech=NNP Lemma=Division NamedEntityTag=O]
[Text=spokesman CharacterOffsetBegin=2779 CharacterOffsetEnd=2788 PartOfSpeech=NN Lemma=spokesman NamedEntityTag=TITLE]
[Text=, CharacterOffsetBegin=2789 CharacterOffsetEnd=2790 PartOfSpeech=, Lemma=, NamedEntityTag=O]
[Text=Paddy CharacterOffsetBegin=2792 CharacterOffsetEnd=2797 PartOfSpeech=NNP Lemma=Paddy NamedEntityTag=PERSON]
[Text=Ankunda CharacterOffsetBegin=2799 CharacterOffsetEnd=2806 PartOfSpeech=NNP Lemma=Ankunda NamedEntityTag=PERSON]
[Text=who CharacterOffsetBegin=2808 CharacterOffsetEnd=2811 PartOfSpeech=WP Lemma=who NamedEntityTag=O]
[Text=was CharacterOffsetBegin=2813 CharacterOffsetEnd=2816 PartOfSpeech=VBD Lemma=be NamedEntityTag=O]
[Text=also CharacterOffsetBegin=2818 CharacterOffsetEnd=2822 PartOfSpeech=RB Lemma=also NamedEntityTag=O]
[Text=in CharacterOffsetBegin=2824 CharacterOffsetEnd=2826 PartOfSpeech=IN Lemma=in NamedEntityTag=O]
[Text=the CharacterOffsetBegin=2828 CharacterOffsetEnd=2831 PartOfSpeech=DT Lemma=the NamedEntityTag=O]
[Text=studio CharacterOffsetBegin=2833 CharacterOffsetEnd=2839 PartOfSpeech=NN Lemma=studio NamedEntityTag=O]
[Text=, CharacterOffsetBegin=2842 CharacterOffsetEnd=2843 PartOfSpeech=, Lemma=, NamedEntityTag=O]
[Text=as CharacterOffsetBegin=2845 CharacterOffsetEnd=2847 PartOfSpeech=IN Lemma=as NamedEntityTag=O]
[Text=to CharacterOffsetBegin=2849 CharacterOffsetEnd=2851 PartOfSpeech=TO Lemma=to NamedEntityTag=O]
[Text=why CharacterOffsetBegin=2853 CharacterOffsetEnd=2856 PartOfSpeech=WRB Lemma=why NamedEntityTag=O]
[Text=they CharacterOffsetBegin=2858 CharacterOffsetEnd=2862 PartOfSpeech=PRP Lemma=they NamedEntityTag=O]
[Text=the CharacterOffsetBegin=2864 CharacterOffsetEnd=2867 PartOfSpeech=DT Lemma=the NamedEntityTag=O]
[Text=LRA CharacterOffsetBegin=2869 CharacterOffsetEnd=2872 PartOfSpeech=NNP Lemma=LRA NamedEntityTag=ORGANIZATION]
[Text=have CharacterOffsetBegin=2874 CharacterOffsetEnd=2878 PartOfSpeech=VBP Lemma=have NamedEntityTag=O]
[Text=continued CharacterOffsetBegin=2880 CharacterOffsetEnd=2889 PartOfSpeech=VBN Lemma=continue NamedEntityTag=O]
[Text=to CharacterOffsetBegin=2891 CharacterOffsetEnd=2893 PartOfSpeech=TO Lemma=to NamedEntityTag=O]
[Text=abduct CharacterOffsetBegin=2895 CharacterOffsetEnd=2901 PartOfSpeech=VB Lemma=abduct NamedEntityTag=O]
[Text=children CharacterOffsetBegin=2903 CharacterOffsetEnd=2911 PartOfSpeech=NNS Lemma=child NamedEntityTag=O]
[Text=and CharacterOffsetBegin=2913 CharacterOffsetEnd=2916 PartOfSpeech=CC Lemma=and NamedEntityTag=O]
[Text=also CharacterOffsetBegin=2918 CharacterOffsetEnd=2922 PartOfSpeech=RB Lemma=also NamedEntityTag=O]
[Text=hit CharacterOffsetBegin=2924 CharacterOffsetEnd=2927 PartOfSpeech=VBD Lemma=hit NamedEntityTag=O]
[Text=at CharacterOffsetBegin=2929 CharacterOffsetEnd=2931 PartOfSpeech=IN Lemma=at NamedEntityTag=O]
[Text=buses CharacterOffsetBegin=2933 CharacterOffsetEnd=2938 PartOfSpeech=NNS Lemma=bus NamedEntityTag=O]
[Text=on CharacterOffsetBegin=2940 CharacterOffsetEnd=2942 PartOfSpeech=IN Lemma=on NamedEntityTag=O]
[Text=the CharacterOffsetBegin=2944 CharacterOffsetEnd=2947 PartOfSpeech=DT Lemma=the NamedEntityTag=O]
[Text=way CharacterOffsetBegin=2949 CharacterOffsetEnd=2952 PartOfSpeech=NN Lemma=way NamedEntityTag=O]
[Text=to CharacterOffsetBegin=2954 CharacterOffsetEnd=2956 PartOfSpeech=TO Lemma=to NamedEntityTag=O]
[Text=Gulu CharacterOffsetBegin=2958 CharacterOffsetEnd=2962 PartOfSpeech=NNP Lemma=Gulu NamedEntityTag=CITY]
[Text=, CharacterOffsetBegin=2963 CharacterOffsetEnd=2964 PartOfSpeech=, Lemma=, NamedEntityTag=O]
[Text=Kitgum CharacterOffsetBegin=2966 CharacterOffsetEnd=2972 PartOfSpeech=NNP Lemma=Kitgum NamedEntityTag=CITY]
[Text=and CharacterOffsetBegin=2974 CharacterOffsetEnd=2977 PartOfSpeech=CC Lemma=and NamedEntityTag=O]
[Text=Pader CharacterOffsetBegin=2979 CharacterOffsetEnd=2984 PartOfSpeech=NNP Lemma=Pader NamedEntityTag=PERSON]
[Text=, CharacterOffsetBegin=2985 CharacterOffsetEnd=2986 PartOfSpeech=, Lemma=, NamedEntityTag=O]
[Text=Joseph CharacterOffsetBegin=2988 CharacterOffsetEnd=2994 PartOfSpeech=NNP Lemma=Joseph NamedEntityTag=PERSON]
[Text=Kony CharacterOffsetBegin=2996 CharacterOffsetEnd=3000 PartOfSpeech=NNP Lemma=Kony NamedEntityTag=PERSON]
[Text=said CharacterOffsetBegin=3002 CharacterOffsetEnd=3006 PartOfSpeech=VBD Lemma=say NamedEntityTag=O]
[Text=that CharacterOffsetBegin=3008 CharacterOffsetEnd=3012 PartOfSpeech=IN Lemma=that NamedEntityTag=O]
[Text=this CharacterOffsetBegin=3014 CharacterOffsetEnd=3018 PartOfSpeech=DT Lemma=this NamedEntityTag=O]
[Text=is CharacterOffsetBegin=3020 CharacterOffsetEnd=3022 PartOfSpeech=VBZ Lemma=be NamedEntityTag=O]
[Text=not CharacterOffsetBegin=3024 CharacterOffsetEnd=3027 PartOfSpeech=RB Lemma=not NamedEntityTag=O]
[Text=being CharacterOffsetBegin=3029 CharacterOffsetEnd=3034 PartOfSpeech=VBG Lemma=be NamedEntityTag=O]
[Text=done CharacterOffsetBegin=3036 CharacterOffsetEnd=3040 PartOfSpeech=VBN Lemma=do NamedEntityTag=O]
[Text=by CharacterOffsetBegin=3042 CharacterOffsetEnd=3044 PartOfSpeech=IN Lemma=by NamedEntityTag=O]
[Text=them CharacterOffsetBegin=3046 CharacterOffsetEnd=3050 PartOfSpeech=PRP Lemma=they NamedEntityTag=O]
[Text=and CharacterOffsetBegin=3052 CharacterOffsetEnd=3055 PartOfSpeech=CC Lemma=and NamedEntityTag=O]
[Text=he CharacterOffsetBegin=3057 CharacterOffsetEnd=3059 PartOfSpeech=PRP Lemma=he NamedEntityTag=O]
[Text=claimed CharacterOffsetBegin=3061 CharacterOffsetEnd=3068 PartOfSpeech=VBD Lemma=claim NamedEntityTag=O]
[Text=that CharacterOffsetBegin=3070 CharacterOffsetEnd=3074 PartOfSpeech=IN Lemma=that NamedEntityTag=O]
[Text=this CharacterOffsetBegin=3076 CharacterOffsetEnd=3080 PartOfSpeech=DT Lemma=this NamedEntityTag=O]
[Text=is CharacterOffsetBegin=3082 CharacterOffsetEnd=3084 PartOfSpeech=VBZ Lemma=be NamedEntityTag=O]
[Text=the CharacterOffsetBegin=3086 CharacterOffsetEnd=3089 PartOfSpeech=DT Lemma=the NamedEntityTag=O]
[Text=work CharacterOffsetBegin=3091 CharacterOffsetEnd=3095 PartOfSpeech=NN Lemma=work NamedEntityTag=O]
[Text=of CharacterOffsetBegin=3097 CharacterOffsetEnd=3099 PartOfSpeech=IN Lemma=of NamedEntityTag=O]
[Text=the CharacterOffsetBegin=3101 CharacterOffsetEnd=3104 PartOfSpeech=DT Lemma=the NamedEntityTag=O]
[Text=UPDF CharacterOffsetBegin=3106 CharacterOffsetEnd=3110 PartOfSpeech=NNP Lemma=UPDF NamedEntityTag=ORGANIZATION]
[Text=. CharacterOffsetBegin=3110 CharacterOffsetEnd=3111 PartOfSpeech=. Lemma=. NamedEntityTag=O]

Dependency Parse (enhanced plus plus dependencies):
root(ROOT-0, Asked-1)
case(spokesman-7, by-2)
det(spokesman-7, the-3)
compound(spokesman-7, UPDF-4)
amod(spokesman-7, 4th-5)
compound(spokesman-7, Division-6)
nmod:by(Asked-1, spokesman-7)
punct(spokesman-7, ,-8)
compound(Ankunda-10, Paddy-9)
appos(spokesman-7, Ankunda-10)
nsubj(studio-16, Ankunda-10)
ref(Ankunda-10, who-11)
cop(studio-16, was-12)
advmod(studio-16, also-13)
case(studio-16, in-14)
det(studio-16, the-15)
acl:relcl(Ankunda-10, studio-16)
punct(spokesman-7, ,-17)
mark(said-46, as-18)
mark(said-46, to-19)
advmod(said-46, why-20)
nsubj(said-46, they-21)
det(LRA-23, the-22)
nsubj(continued-25, LRA-23)
nsubj:xsubj(abduct-27, LRA-23)
nsubj(hit-31, LRA-23)
aux(continued-25, have-24)
acl:relcl(they-21, continued-25)
mark(abduct-27, to-26)
xcomp(continued-25, abduct-27)
dobj(abduct-27, children-28)
cc(continued-25, and-29)
advmod(hit-31, also-30)
acl:relcl(they-21, hit-31)
conj:and(continued-25, hit-31)
case(buses-33, at-32)
nmod:at(hit-31, buses-33)
case(way-36, on-34)
det(way-36, the-35)
nmod:on(hit-31, way-36)
case(Gulu-38, to-37)
nmod:to(way-36, Gulu-38)
punct(Gulu-38, ,-39)
nmod:to(way-36, Kitgum-40)
conj:and(Gulu-38, Kitgum-40)
cc(Gulu-38, and-41)
nmod:to(way-36, Pader-42)
conj:and(Gulu-38, Pader-42)
punct(said-46, ,-43)
compound(Kony-45, Joseph-44)
nsubj(said-46, Kony-45)
advcl:to(Asked-1, said-46)
mark(done-52, that-47)
nsubjpass(done-52, this-48)
aux(done-52, is-49)
neg(done-52, not-50)
auxpass(done-52, being-51)
ccomp(said-46, done-52)
case(them-54, by-53)
nmod:agent(done-52, them-54)
cc(done-52, and-55)
nsubj(claimed-57, he-56)
ccomp(said-46, claimed-57)
conj:and(done-52, claimed-57)
mark(work-62, that-58)
nsubj(work-62, this-59)
cop(work-62, is-60)
det(work-62, the-61)
ccomp(claimed-57, work-62)
case(UPDF-65, of-63)
det(UPDF-65, the-64)
nmod:of(work-62, UPDF-65)
punct(Asked-1, .-66)

Extracted the following NER entity mentions:
UPDF	ORGANIZATION
4th	ORDINAL
spokesman	TITLE
Paddy Ankunda	PERSON
LRA	ORGANIZATION
Gulu	CITY
Kitgum	CITY
Pader	PERSON
Joseph Kony	PERSON
UPDF	ORGANIZATION
he	PERSON

Sentence #15 (39 tokens):
Joseph  Kony  also  categorically  denied  an  accusation  by  the  UPDF  4th  Division  spokesman ,  Paddy  Ankunda ,  that  the  rebels  have  been  abducting  children ,  some  of  whom  are  being  hidden  now  words  indistinct  in  the  bush."

Tokens:
[Text=Joseph CharacterOffsetBegin=3113 CharacterOffsetEnd=3119 PartOfSpeech=NNP Lemma=Joseph NamedEntityTag=PERSON]
[Text=Kony CharacterOffsetBegin=3121 CharacterOffsetEnd=3125 PartOfSpeech=NNP Lemma=Kony NamedEntityTag=PERSON]
[Text=also CharacterOffsetBegin=3127 CharacterOffsetEnd=3131 PartOfSpeech=RB Lemma=also NamedEntityTag=O]
[Text=categorically CharacterOffsetBegin=3133 CharacterOffsetEnd=3146 PartOfSpeech=RB Lemma=categorically NamedEntityTag=O]
[Text=denied CharacterOffsetBegin=3148 CharacterOffsetEnd=3154 PartOfSpeech=VBD Lemma=deny NamedEntityTag=O]
[Text=an CharacterOffsetBegin=3156 CharacterOffsetEnd=3158 PartOfSpeech=DT Lemma=a NamedEntityTag=O]
[Text=accusation CharacterOffsetBegin=3160 CharacterOffsetEnd=3170 PartOfSpeech=NN Lemma=accusation NamedEntityTag=O]
[Text=by CharacterOffsetBegin=3172 CharacterOffsetEnd=3174 PartOfSpeech=IN Lemma=by NamedEntityTag=O]
[Text=the CharacterOffsetBegin=3176 CharacterOffsetEnd=3179 PartOfSpeech=DT Lemma=the NamedEntityTag=O]
[Text=UPDF CharacterOffsetBegin=3181 CharacterOffsetEnd=3185 PartOfSpeech=NNP Lemma=UPDF NamedEntityTag=ORGANIZATION]
[Text=4th CharacterOffsetBegin=3187 CharacterOffsetEnd=3190 PartOfSpeech=JJ Lemma=4th NamedEntityTag=ORDINAL NormalizedNamedEntityTag=4.0]
[Text=Division CharacterOffsetBegin=3192 CharacterOffsetEnd=3200 PartOfSpeech=NNP Lemma=Division NamedEntityTag=O]
[Text=spokesman CharacterOffsetBegin=3202 CharacterOffsetEnd=3211 PartOfSpeech=NN Lemma=spokesman NamedEntityTag=TITLE]
[Text=, CharacterOffsetBegin=3212 CharacterOffsetEnd=3213 PartOfSpeech=, Lemma=, NamedEntityTag=O]
[Text=Paddy CharacterOffsetBegin=3215 CharacterOffsetEnd=3220 PartOfSpeech=NNP Lemma=Paddy NamedEntityTag=PERSON]
[Text=Ankunda CharacterOffsetBegin=3222 CharacterOffsetEnd=3229 PartOfSpeech=NNP Lemma=Ankunda NamedEntityTag=PERSON]
[Text=, CharacterOffsetBegin=3230 CharacterOffsetEnd=3231 PartOfSpeech=, Lemma=, NamedEntityTag=O]
[Text=that CharacterOffsetBegin=3233 CharacterOffsetEnd=3237 PartOfSpeech=IN Lemma=that NamedEntityTag=O]
[Text=the CharacterOffsetBegin=3239 CharacterOffsetEnd=3242 PartOfSpeech=DT Lemma=the NamedEntityTag=O]
[Text=rebels CharacterOffsetBegin=3244 CharacterOffsetEnd=3250 PartOfSpeech=NNS Lemma=rebel NamedEntityTag=O]
[Text=have CharacterOffsetBegin=3252 CharacterOffsetEnd=3256 PartOfSpeech=VBP Lemma=have NamedEntityTag=O]
[Text=been CharacterOffsetBegin=3258 CharacterOffsetEnd=3262 PartOfSpeech=VBN Lemma=be NamedEntityTag=O]
[Text=abducting CharacterOffsetBegin=3264 CharacterOffsetEnd=3273 PartOfSpeech=VBG Lemma=abduct NamedEntityTag=O]
[Text=children CharacterOffsetBegin=3275 CharacterOffsetEnd=3283 PartOfSpeech=NNS Lemma=child NamedEntityTag=O]
[Text=, CharacterOffsetBegin=3284 CharacterOffsetEnd=3285 PartOfSpeech=, Lemma=, NamedEntityTag=O]
[Text=some CharacterOffsetBegin=3287 CharacterOffsetEnd=3291 PartOfSpeech=DT Lemma=some NamedEntityTag=O]
[Text=of CharacterOffsetBegin=3293 CharacterOffsetEnd=3295 PartOfSpeech=IN Lemma=of NamedEntityTag=O]
[Text=whom CharacterOffsetBegin=3297 CharacterOffsetEnd=3301 PartOfSpeech=WP Lemma=whom NamedEntityTag=O]
[Text=are CharacterOffsetBegin=3303 CharacterOffsetEnd=3306 PartOfSpeech=VBP Lemma=be NamedEntityTag=O]
[Text=being CharacterOffsetBegin=3308 CharacterOffsetEnd=3313 PartOfSpeech=VBG Lemma=be NamedEntityTag=O]
[Text=hidden CharacterOffsetBegin=3315 CharacterOffsetEnd=3321 PartOfSpeech=VBN Lemma=hide NamedEntityTag=O]
[Text=now CharacterOffsetBegin=3323 CharacterOffsetEnd=3326 PartOfSpeech=RB Lemma=now NamedEntityTag=DATE NormalizedNamedEntityTag=PRESENT_REF Timex=<TIMEX3 tid="t6" type="DATE" value="PRESENT_REF">now</TIMEX3>]
[Text=words CharacterOffsetBegin=3328 CharacterOffsetEnd=3333 PartOfSpeech=NNS Lemma=word NamedEntityTag=O]
[Text=indistinct CharacterOffsetBegin=3335 CharacterOffsetEnd=3345 PartOfSpeech=JJ Lemma=indistinct NamedEntityTag=O]
[Text=in CharacterOffsetBegin=3347 CharacterOffsetEnd=3349 PartOfSpeech=IN Lemma=in NamedEntityTag=O]
[Text=the CharacterOffsetBegin=3351 CharacterOffsetEnd=3354 PartOfSpeech=DT Lemma=the NamedEntityTag=O]
[Text=bush CharacterOffsetBegin=3356 CharacterOffsetEnd=3360 PartOfSpeech=NN Lemma=bush NamedEntityTag=O]
[Text=. CharacterOffsetBegin=3360 CharacterOffsetEnd=3361 PartOfSpeech=. Lemma=. NamedEntityTag=O]
[Text='' CharacterOffsetBegin=3361 CharacterOffsetEnd=3362 PartOfSpeech='' Lemma='' NamedEntityTag=O]

Dependency Parse (enhanced plus plus dependencies):
root(ROOT-0, denied-5)
compound(Kony-2, Joseph-1)
nsubj(denied-5, Kony-2)
advmod(denied-5, also-3)
advmod(denied-5, categorically-4)
det(accusation-7, an-6)
dobj(denied-5, accusation-7)
case(spokesman-13, by-8)
det(spokesman-13, the-9)
compound(spokesman-13, UPDF-10)
amod(spokesman-13, 4th-11)
compound(spokesman-13, Division-12)
nmod:by(accusation-7, spokesman-13)
punct(spokesman-13, ,-14)
compound(Ankunda-16, Paddy-15)
appos(spokesman-13, Ankunda-16)
punct(spokesman-13, ,-17)
mark(abducting-23, that-18)
det(rebels-20, the-19)
nsubj(abducting-23, rebels-20)
aux(abducting-23, have-21)
aux(abducting-23, been-22)
ccomp(accusation-7, abducting-23)
dobj(abducting-23, children-24)
punct(abducting-23, ,-25)
nsubjpass(hidden-31, some-26)
case(whom-28, of-27)
nmod:of(some-26, whom-28)
aux(hidden-31, are-29)
auxpass(hidden-31, being-30)
parataxis(abducting-23, hidden-31)
advmod(hidden-31, now-32)
dep(now-32, words-33)
amod(words-33, indistinct-34)
case(bush-37, in-35)
det(bush-37, the-36)
nmod:in(indistinct-34, bush-37)
punct(denied-5, .-38)
punct(denied-5, ''-39)

Extracted the following NER entity mentions:
Joseph Kony	PERSON
UPDF	ORGANIZATION
4th	ORDINAL
spokesman	TITLE
Paddy Ankunda	PERSON
now	DATE

Coreference set:
	(12,49,[47,51]) -> (3,17,[15,19]), that is: "the Uganda People 's" -> "the Uganda People 's"

Coreference set:
	(14,4,[4,5]) -> (14,65,[64,66]), that is: "UPDF" -> "the UPDF"
	(15,10,[10,11]) -> (14,65,[64,66]), that is: "UPDF" -> "the UPDF"

Coreference set:
	(12,52,[47,53]) -> (3,20,[15,24]), that is: "the Uganda People 's Defence Forces" -> "the Uganda People 's Defence Forces -LRB- UPDF -RRB-"

Coreference set:
	(13,13,[13,14]) -> (1,45,[45,46]), that is: "Gulu" -> "Gulu"

Coreference set:
	(15,16,[15,17]) -> (14,10,[9,11]), that is: "Paddy Ankunda" -> "Paddy Ankunda"

Coreference set:
	(3,9,[8,10]) -> (1,16,[15,34]), that is: "the recording" -> "a recording of the appearance by Joseph Kony , leader of the Lord 's Resistance Army -LRB- LRA -RRB-"
	(4,15,[14,16]) -> (1,16,[15,34]), that is: "the recording" -> "a recording of the appearance by Joseph Kony , leader of the Lord 's Resistance Army -LRB- LRA -RRB-"

Coreference set:
	(5,6,[6,7]) -> (4,7,[7,8]), that is: "English" -> "English"

Coreference set:
	(15,13,[9,17]) -> (14,7,[3,17]), that is: "the UPDF 4th Division spokesman , Paddy Ankunda" -> "the UPDF 4th Division spokesman , Paddy Ankunda who was also in the studio"

Coreference set:
	(8,35,[34,36]) -> (11,36,[35,42]), that is: "the government" -> "the government of the Republic of Uganda"
	(9,14,[13,15]) -> (11,36,[35,42]), that is: "the government" -> "the government of the Republic of Uganda"

Coreference set:
	(6,32,[32,33]) -> (1,32,[32,33]), that is: "LRA" -> "LRA"

Coreference set:
	(6,27,[26,29]) -> (1,27,[26,29]), that is: "the Lord 's" -> "the Lord 's"

Coreference set:
	(2,33,[32,34]) -> (6,39,[38,43]), that is: "the bush" -> "the bush in northern Uganda"
	(8,6,[5,7]) -> (6,39,[38,43]), that is: "the bush" -> "the bush in northern Uganda"
	(15,37,[36,38]) -> (6,39,[38,43]), that is: "the bush" -> "the bush in northern Uganda"

Coreference set:
	(11,17,[16,18]) -> (9,26,[25,27]), that is: "peace talks" -> "peace talks"

Coreference set:
	(14,54,[54,55]) -> (14,21,[21,22]), that is: "them" -> "they"

Coreference set:
	(6,9,[7,10]) -> (5,4,[1,7]), that is: "Kony 's remarks" -> "A few brief remarks in English"

Coreference set:
	(6,13,[13,14]) -> (1,48,[48,49]), that is: "Uganda" -> "Uganda"
	(7,11,[11,12]) -> (1,48,[48,49]), that is: "Uganda" -> "Uganda"
	(10,9,[9,10]) -> (1,48,[48,49]), that is: "Uganda" -> "Uganda"
	(11,41,[41,42]) -> (1,48,[48,49]), that is: "Uganda" -> "Uganda"
	(13,35,[35,36]) -> (1,48,[48,49]), that is: "Uganda" -> "Uganda"

Coreference set:
	(2,1,[1,2]) -> (1,7,[1,14]), that is: "It" -> "Radio Uganda 's `` Newshour '' programme on the evening of 1 January"
	(10,6,[5,7]) -> (1,7,[1,14]), that is: "the programme" -> "Radio Uganda 's `` Newshour '' programme on the evening of 1 January"

Coreference set:
	(2,10,[10,11]) -> (2,14,[13,15]), that is: "his" -> "Vincent Otti"
	(10,55,[54,56]) -> (2,14,[13,15]), that is: "Vincent Otti" -> "Vincent Otti"

Coreference set:
	(1,22,[21,34]) -> (7,3,[1,4]), that is: "Joseph Kony , leader of the Lord 's Resistance Army -LRB- LRA -RRB-" -> "Mr Joseph Kony"
	(2,5,[5,16]) -> (7,3,[1,4]), that is: "Kony , `` flanked by his commander , Vincent Otti ''" -> "Mr Joseph Kony"
	(4,21,[21,22]) -> (7,3,[1,4]), that is: "Kony" -> "Mr Joseph Kony"
	(6,7,[7,9]) -> (7,3,[1,4]), that is: "Kony 's" -> "Mr Joseph Kony"
	(7,6,[6,7]) -> (7,3,[1,4]), that is: "he" -> "Mr Joseph Kony"
	(8,1,[1,2]) -> (7,3,[1,4]), that is: "He" -> "Mr Joseph Kony"
	(8,12,[12,13]) -> (7,3,[1,4]), that is: "he" -> "Mr Joseph Kony"
	(8,15,[15,16]) -> (7,3,[1,4]), that is: "he" -> "Mr Joseph Kony"
	(9,3,[1,4]) -> (7,3,[1,4]), that is: "Mr Joseph Kony" -> "Mr Joseph Kony"
	(9,8,[8,9]) -> (7,3,[1,4]), that is: "his" -> "Mr Joseph Kony"
	(9,16,[16,17]) -> (7,3,[1,4]), that is: "he" -> "Mr Joseph Kony"
	(9,19,[19,20]) -> (7,3,[1,4]), that is: "he" -> "Mr Joseph Kony"
	(9,22,[22,23]) -> (7,3,[1,4]), that is: "he" -> "Mr Joseph Kony"
	(10,48,[47,49]) -> (7,3,[1,4]), that is: "Joseph Kony" -> "Mr Joseph Kony"
	(11,1,[1,2]) -> (7,3,[1,4]), that is: "Kony" -> "Mr Joseph Kony"
	(11,10,[10,11]) -> (7,3,[1,4]), that is: "he" -> "Mr Joseph Kony"
	(11,12,[12,13]) -> (7,3,[1,4]), that is: "he" -> "Mr Joseph Kony"
	(11,20,[20,21]) -> (7,3,[1,4]), that is: "he" -> "Mr Joseph Kony"
	(11,24,[24,25]) -> (7,3,[1,4]), that is: "his" -> "Mr Joseph Kony"
	(12,3,[2,4]) -> (7,3,[1,4]), that is: "Joseph Kony" -> "Mr Joseph Kony"
	(12,9,[9,10]) -> (7,3,[1,4]), that is: "he" -> "Mr Joseph Kony"
	(12,14,[14,15]) -> (7,3,[1,4]), that is: "he" -> "Mr Joseph Kony"
	(12,16,[16,17]) -> (7,3,[1,4]), that is: "he" -> "Mr Joseph Kony"
	(12,28,[28,29]) -> (7,3,[1,4]), that is: "he" -> "Mr Joseph Kony"
	(12,36,[36,37]) -> (7,3,[1,4]), that is: "he" -> "Mr Joseph Kony"
	(13,21,[21,22]) -> (7,3,[1,4]), that is: "he" -> "Mr Joseph Kony"
	(13,25,[24,26]) -> (7,3,[1,4]), that is: "Joseph Kony" -> "Mr Joseph Kony"
	(13,28,[28,29]) -> (7,3,[1,4]), that is: "he" -> "Mr Joseph Kony"
	(14,45,[44,46]) -> (7,3,[1,4]), that is: "Joseph Kony" -> "Mr Joseph Kony"
	(14,56,[56,57]) -> (7,3,[1,4]), that is: "he" -> "Mr Joseph Kony"
	(15,2,[1,3]) -> (7,3,[1,4]), that is: "Joseph Kony" -> "Mr Joseph Kony"

Coreference set:
	(10,52,[51,56]) -> (2,11,[10,15]), that is: "his commander , Vincent Otti" -> "his commander , Vincent Otti"

Coreference set:
	(1,2,[1,4]) -> (4,2,[1,5]), that is: "Radio Uganda 's" -> "Radio Uganda , Kampala"
	(3,2,[1,3]) -> (4,2,[1,5]), that is: "Radio Uganda" -> "Radio Uganda , Kampala"
	(3,5,[5,6]) -> (4,2,[1,5]), that is: "they" -> "Radio Uganda , Kampala"

Coreference set:
	(6,14,[11,15]) -> (10,45,[44,49]), that is: "the Radio Uganda presenter" -> "the LRA , Joseph Kony"
	(10,10,[7,11]) -> (10,45,[44,49]), that is: "the Radio Uganda presenter" -> "the LRA , Joseph Kony"
	(10,16,[16,17]) -> (10,45,[44,49]), that is: "we" -> "the LRA , Joseph Kony"
	(10,22,[22,23]) -> (10,45,[44,49]), that is: "our" -> "the LRA , Joseph Kony"
	(10,34,[34,35]) -> (10,45,[44,49]), that is: "we" -> "the LRA , Joseph Kony"
	(14,23,[22,24]) -> (10,45,[44,49]), that is: "the LRA" -> "the LRA , Joseph Kony"

Extracted quotes: 
[QuotationIndex=0, CharacterOffsetBegin=17, Text="Newshour", Speaker=Kony]
[QuotationIndex=1, CharacterOffsetBegin=333, Text="flanked  by  his  commander ,  Vincent  Otti", Speaker=Kony]
[QuotationIndex=2, CharacterOffsetBegin=436, Text="from  an  unknown  place", Speaker=Kony]
[QuotationIndex=3, CharacterOffsetBegin=938, Text="  That  was  Joseph  Kony ,  the  leader  of  the  Lord's  Resistance  Army ,  LRA ,  who  is  fighting  from  the  bush  in  northern  Uganda.  Mr  Joseph  Kony  said  that  he  is  fighting  to  liberate  Uganda  and  that  the  war  is  not  only  on  behalf  of  the  Acholi  but  for  all  Ugandans.  He  was  speaking  from  the  bush  and ,  of  course ,  he  says  that  he  doesn't  hate  President  Yoweri  Museveni  but  does  not  also  like  some  of  the  messages  in  use  by  the  government  .  Mr  Joseph  Kony  has  declined  to  disclose  his  team  for  negotiations  with  the  government  although  he  says  that  he  is  that  he  prepared  for  peace  talks.", Speaker=presenter]
[QuotationIndex=4, CharacterOffsetBegin=1699, Text="With  that  we  come  to  the  end  of  our  day's  "Newshour", Speaker=presenter]
[QuotationIndex=5, CharacterOffsetBegin=2202, Text="Joseph  Kony  also  declined  to  say  where  he  was  speaking  from  but  he  said  he  was  on  satellite  phone  and  announced  that  soon  after  the  interview  he  would  throw  away  the  phone  so  that  he  does  not  that  fear  word  indistinct  to  be  captured  by  the  Uganda  People's  Defence  Forces.  "Answering  a  question  posed  from  the  Mega  FM  studio  by  the  Gulu  RDC  Resident  Commissioner  Max  Omeda  on  what  he  wants ,  Joseph  Kony  said  that  he  wants  to  be  the  president  of  Uganda?  ", Speaker=Joseph Kony]
